# CMAKE generated file: DO NOT EDIT!
# Generated by "Ninja" Generator, CMake Version 4.3

# This file contains all the build statements describing the
# compilation DAG.

# =============================================================================
# Write statements declared in CMakeLists.txt:
# 
# Which is the root file.
# =============================================================================

# =============================================================================
# Project: box2d
# Configurations: Debug
# =============================================================================

#############################################
# Minimal version of Ninja required by this file

ninja_required_version = 1.5


#############################################
# Set configuration variable for custom commands.

CONFIGURATION = Debug
# =============================================================================
# Include auxiliary files.


#############################################
# Include rules file.

include CMakeFiles\rules.ninja

# =============================================================================

#############################################
# Logical path to working directory; prefix for absolute paths.

cmake_ninja_workdir = C$:\Users\Roger\source\repos\BallGame\vcpkg_installed\vcpkg\blds\box2d\x64-windows-dbg\

#############################################
# Utility command for edit_cache

build CMakeFiles\edit_cache.util: CUSTOM_COMMAND
  COMMAND = C:\WINDOWS\system32\cmd.exe /C "cd /D C:\Users\Roger\source\repos\BallGame\vcpkg_installed\vcpkg\blds\box2d\x64-windows-dbg && "C:\Program Files\CMake\bin\cmake-gui.exe" -SC:\Users\Roger\source\repos\BallGame\vcpkg_installed\vcpkg\blds\box2d\src\v3.1.1-9e4ca3be47.clean -BC:\Users\Roger\source\repos\BallGame\vcpkg_installed\vcpkg\blds\box2d\x64-windows-dbg"
  DESC = Running CMake cache editor...
  pool = console
  restat = 1

build edit_cache: phony CMakeFiles\edit_cache.util


#############################################
# Utility command for rebuild_cache

build CMakeFiles\rebuild_cache.util: CUSTOM_COMMAND
  COMMAND = C:\WINDOWS\system32\cmd.exe /C "cd /D C:\Users\Roger\source\repos\BallGame\vcpkg_installed\vcpkg\blds\box2d\x64-windows-dbg && "C:\Program Files\CMake\bin\cmake.exe" --regenerate-during-build -SC:\Users\Roger\source\repos\BallGame\vcpkg_installed\vcpkg\blds\box2d\src\v3.1.1-9e4ca3be47.clean -BC:\Users\Roger\source\repos\BallGame\vcpkg_installed\vcpkg\blds\box2d\x64-windows-dbg"
  DESC = Running CMake to regenerate build system...
  pool = console
  restat = 1

build rebuild_cache: phony CMakeFiles\rebuild_cache.util


#############################################
# Utility command for list_install_components

build list_install_components: phony


#############################################
# Utility command for install

build CMakeFiles\install.util: CUSTOM_COMMAND all
  COMMAND = C:\WINDOWS\system32\cmd.exe /C "cd /D C:\Users\Roger\source\repos\BallGame\vcpkg_installed\vcpkg\blds\box2d\x64-windows-dbg && "C:\Program Files\CMake\bin\cmake.exe" -P cmake_install.cmake"
  DESC = Install the project...
  pool = console
  restat = 1

build install: phony CMakeFiles\install.util


#############################################
# Utility command for install/local

build CMakeFiles\install\local.util: CUSTOM_COMMAND all
  COMMAND = C:\WINDOWS\system32\cmd.exe /C "cd /D C:\Users\Roger\source\repos\BallGame\vcpkg_installed\vcpkg\blds\box2d\x64-windows-dbg && "C:\Program Files\CMake\bin\cmake.exe" -DCMAKE_INSTALL_LOCAL_ONLY=1 -P cmake_install.cmake"
  DESC = Installing only the local directory...
  pool = console
  restat = 1

build install\local: phony CMakeFiles\install\local.util

# =============================================================================
# Write statements declared in CMakeLists.txt:
# C:/Users/Roger/source/repos/BallGame/vcpkg_installed/vcpkg/blds/box2d/src/v3.1.1-9e4ca3be47.clean/CMakeLists.txt
# =============================================================================

# =============================================================================
# Object build statements for SHARED_LIBRARY target box2d


#############################################
# Order-only phony target for box2d

build cmake_object_order_depends_target_box2d: phony || .

build src\CMakeFiles\box2d.dir\aabb.c.obj: C_COMPILER__box2d_unscanned_Debug C$:\Users\Roger\source\repos\BallGame\vcpkg_installed\vcpkg\blds\box2d\src\v3.1.1-9e4ca3be47.clean\src\aabb.c || cmake_object_order_depends_target_box2d
  CONFIG = Debug
  DEFINES = -Dbox2d_EXPORTS
  FLAGS = /nologo /DWIN32 /D_WINDOWS /utf-8 /MP  /MDd /Z7 /Ob0 /Od /RTC1  -std:c17 -MDd /Wall /wd4820 /wd5045 /wd4061 /wd4711 /wd4710
  INCLUDES = -IC:\Users\Roger\source\repos\BallGame\vcpkg_installed\vcpkg\blds\box2d\src\v3.1.1-9e4ca3be47.clean\src\..\include -IC:\Users\Roger\source\repos\BallGame\vcpkg_installed\vcpkg\blds\box2d\x64-windows-dbg\src -IC:\Users\Roger\source\repos\BallGame\vcpkg_installed\vcpkg\blds\box2d\src\v3.1.1-9e4ca3be47.clean\src
  OBJECT_DIR = src\CMakeFiles\box2d.dir
  OBJECT_FILE_DIR = src\CMakeFiles\box2d.dir
  TARGET_COMPILE_PDB = src\CMakeFiles\box2d.dir\
  TARGET_PDB = bin\box2dd.pdb
  TARGET_SUPPORT_DIR = src\CMakeFiles\box2d.dir

build src\CMakeFiles\box2d.dir\arena_allocator.c.obj: C_COMPILER__box2d_unscanned_Debug C$:\Users\Roger\source\repos\BallGame\vcpkg_installed\vcpkg\blds\box2d\src\v3.1.1-9e4ca3be47.clean\src\arena_allocator.c || cmake_object_order_depends_target_box2d
  CONFIG = Debug
  DEFINES = -Dbox2d_EXPORTS
  FLAGS = /nologo /DWIN32 /D_WINDOWS /utf-8 /MP  /MDd /Z7 /Ob0 /Od /RTC1  -std:c17 -MDd /Wall /wd4820 /wd5045 /wd4061 /wd4711 /wd4710
  INCLUDES = -IC:\Users\Roger\source\repos\BallGame\vcpkg_installed\vcpkg\blds\box2d\src\v3.1.1-9e4ca3be47.clean\src\..\include -IC:\Users\Roger\source\repos\BallGame\vcpkg_installed\vcpkg\blds\box2d\x64-windows-dbg\src -IC:\Users\Roger\source\repos\BallGame\vcpkg_installed\vcpkg\blds\box2d\src\v3.1.1-9e4ca3be47.clean\src
  OBJECT_DIR = src\CMakeFiles\box2d.dir
  OBJECT_FILE_DIR = src\CMakeFiles\box2d.dir
  TARGET_COMPILE_PDB = src\CMakeFiles\box2d.dir\
  TARGET_PDB = bin\box2dd.pdb
  TARGET_SUPPORT_DIR = src\CMakeFiles\box2d.dir

build src\CMakeFiles\box2d.dir\array.c.obj: C_COMPILER__box2d_unscanned_Debug C$:\Users\Roger\source\repos\BallGame\vcpkg_installed\vcpkg\blds\box2d\src\v3.1.1-9e4ca3be47.clean\src\array.c || cmake_object_order_depends_target_box2d
  CONFIG = Debug
  DEFINES = -Dbox2d_EXPORTS
  FLAGS = /nologo /DWIN32 /D_WINDOWS /utf-8 /MP  /MDd /Z7 /Ob0 /Od /RTC1  -std:c17 -MDd /Wall /wd4820 /wd5045 /wd4061 /wd4711 /wd4710
  INCLUDES = -IC:\Users\Roger\source\repos\BallGame\vcpkg_installed\vcpkg\blds\box2d\src\v3.1.1-9e4ca3be47.clean\src\..\include -IC:\Users\Roger\source\repos\BallGame\vcpkg_installed\vcpkg\blds\box2d\x64-windows-dbg\src -IC:\Users\Roger\source\repos\BallGame\vcpkg_installed\vcpkg\blds\box2d\src\v3.1.1-9e4ca3be47.clean\src
  OBJECT_DIR = src\CMakeFiles\box2d.dir
  OBJECT_FILE_DIR = src\CMakeFiles\box2d.dir
  TARGET_COMPILE_PDB = src\CMakeFiles\box2d.dir\
  TARGET_PDB = bin\box2dd.pdb
  TARGET_SUPPORT_DIR = src\CMakeFiles\box2d.dir

build src\CMakeFiles\box2d.dir\bitset.c.obj: C_COMPILER__box2d_unscanned_Debug C$:\Users\Roger\source\repos\BallGame\vcpkg_installed\vcpkg\blds\box2d\src\v3.1.1-9e4ca3be47.clean\src\bitset.c || cmake_object_order_depends_target_box2d
  CONFIG = Debug
  DEFINES = -Dbox2d_EXPORTS
  FLAGS = /nologo /DWIN32 /D_WINDOWS /utf-8 /MP  /MDd /Z7 /Ob0 /Od /RTC1  -std:c17 -MDd /Wall /wd4820 /wd5045 /wd4061 /wd4711 /wd4710
  INCLUDES = -IC:\Users\Roger\source\repos\BallGame\vcpkg_installed\vcpkg\blds\box2d\src\v3.1.1-9e4ca3be47.clean\src\..\include -IC:\Users\Roger\source\repos\BallGame\vcpkg_installed\vcpkg\blds\box2d\x64-windows-dbg\src -IC:\Users\Roger\source\repos\BallGame\vcpkg_installed\vcpkg\blds\box2d\src\v3.1.1-9e4ca3be47.clean\src
  OBJECT_DIR = src\CMakeFiles\box2d.dir
  OBJECT_FILE_DIR = src\CMakeFiles\box2d.dir
  TARGET_COMPILE_PDB = src\CMakeFiles\box2d.dir\
  TARGET_PDB = bin\box2dd.pdb
  TARGET_SUPPORT_DIR = src\CMakeFiles\box2d.dir

build src\CMakeFiles\box2d.dir\body.c.obj: C_COMPILER__box2d_unscanned_Debug C$:\Users\Roger\source\repos\BallGame\vcpkg_installed\vcpkg\blds\box2d\src\v3.1.1-9e4ca3be47.clean\src\body.c || cmake_object_order_depends_target_box2d
  CONFIG = Debug
  DEFINES = -Dbox2d_EXPORTS
  FLAGS = /nologo /DWIN32 /D_WINDOWS /utf-8 /MP  /MDd /Z7 /Ob0 /Od /RTC1  -std:c17 -MDd /Wall /wd4820 /wd5045 /wd4061 /wd4711 /wd4710
  INCLUDES = -IC:\Users\Roger\source\repos\BallGame\vcpkg_installed\vcpkg\blds\box2d\src\v3.1.1-9e4ca3be47.clean\src\..\include -IC:\Users\Roger\source\repos\BallGame\vcpkg_installed\vcpkg\blds\box2d\x64-windows-dbg\src -IC:\Users\Roger\source\repos\BallGame\vcpkg_installed\vcpkg\blds\box2d\src\v3.1.1-9e4ca3be47.clean\src
  OBJECT_DIR = src\CMakeFiles\box2d.dir
  OBJECT_FILE_DIR = src\CMakeFiles\box2d.dir
  TARGET_COMPILE_PDB = src\CMakeFiles\box2d.dir\
  TARGET_PDB = bin\box2dd.pdb
  TARGET_SUPPORT_DIR = src\CMakeFiles\box2d.dir

build src\CMakeFiles\box2d.dir\broad_phase.c.obj: C_COMPILER__box2d_unscanned_Debug C$:\Users\Roger\source\repos\BallGame\vcpkg_installed\vcpkg\blds\box2d\src\v3.1.1-9e4ca3be47.clean\src\broad_phase.c || cmake_object_order_depends_target_box2d
  CONFIG = Debug
  DEFINES = -Dbox2d_EXPORTS
  FLAGS = /nologo /DWIN32 /D_WINDOWS /utf-8 /MP  /MDd /Z7 /Ob0 /Od /RTC1  -std:c17 -MDd /Wall /wd4820 /wd5045 /wd4061 /wd4711 /wd4710
  INCLUDES = -IC:\Users\Roger\source\repos\BallGame\vcpkg_installed\vcpkg\blds\box2d\src\v3.1.1-9e4ca3be47.clean\src\..\include -IC:\Users\Roger\source\repos\BallGame\vcpkg_installed\vcpkg\blds\box2d\x64-windows-dbg\src -IC:\Users\Roger\source\repos\BallGame\vcpkg_installed\vcpkg\blds\box2d\src\v3.1.1-9e4ca3be47.clean\src
  OBJECT_DIR = src\CMakeFiles\box2d.dir
  OBJECT_FILE_DIR = src\CMakeFiles\box2d.dir
  TARGET_COMPILE_PDB = src\CMakeFiles\box2d.dir\
  TARGET_PDB = bin\box2dd.pdb
  TARGET_SUPPORT_DIR = src\CMakeFiles\box2d.dir

build src\CMakeFiles\box2d.dir\constraint_graph.c.obj: C_COMPILER__box2d_unscanned_Debug C$:\Users\Roger\source\repos\BallGame\vcpkg_installed\vcpkg\blds\box2d\src\v3.1.1-9e4ca3be47.clean\src\constraint_graph.c || cmake_object_order_depends_target_box2d
  CONFIG = Debug
  DEFINES = -Dbox2d_EXPORTS
  FLAGS = /nologo /DWIN32 /D_WINDOWS /utf-8 /MP  /MDd /Z7 /Ob0 /Od /RTC1  -std:c17 -MDd /Wall /wd4820 /wd5045 /wd4061 /wd4711 /wd4710
  INCLUDES = -IC:\Users\Roger\source\repos\BallGame\vcpkg_installed\vcpkg\blds\box2d\src\v3.1.1-9e4ca3be47.clean\src\..\include -IC:\Users\Roger\source\repos\BallGame\vcpkg_installed\vcpkg\blds\box2d\x64-windows-dbg\src -IC:\Users\Roger\source\repos\BallGame\vcpkg_installed\vcpkg\blds\box2d\src\v3.1.1-9e4ca3be47.clean\src
  OBJECT_DIR = src\CMakeFiles\box2d.dir
  OBJECT_FILE_DIR = src\CMakeFiles\box2d.dir
  TARGET_COMPILE_PDB = src\CMakeFiles\box2d.dir\
  TARGET_PDB = bin\box2dd.pdb
  TARGET_SUPPORT_DIR = src\CMakeFiles\box2d.dir

build src\CMakeFiles\box2d.dir\contact.c.obj: C_COMPILER__box2d_unscanned_Debug C$:\Users\Roger\source\repos\BallGame\vcpkg_installed\vcpkg\blds\box2d\src\v3.1.1-9e4ca3be47.clean\src\contact.c || cmake_object_order_depends_target_box2d
  CONFIG = Debug
  DEFINES = -Dbox2d_EXPORTS
  FLAGS = /nologo /DWIN32 /D_WINDOWS /utf-8 /MP  /MDd /Z7 /Ob0 /Od /RTC1  -std:c17 -MDd /Wall /wd4820 /wd5045 /wd4061 /wd4711 /wd4710
  INCLUDES = -IC:\Users\Roger\source\repos\BallGame\vcpkg_installed\vcpkg\blds\box2d\src\v3.1.1-9e4ca3be47.clean\src\..\include -IC:\Users\Roger\source\repos\BallGame\vcpkg_installed\vcpkg\blds\box2d\x64-windows-dbg\src -IC:\Users\Roger\source\repos\BallGame\vcpkg_installed\vcpkg\blds\box2d\src\v3.1.1-9e4ca3be47.clean\src
  OBJECT_DIR = src\CMakeFiles\box2d.dir
  OBJECT_FILE_DIR = src\CMakeFiles\box2d.dir
  TARGET_COMPILE_PDB = src\CMakeFiles\box2d.dir\
  TARGET_PDB = bin\box2dd.pdb
  TARGET_SUPPORT_DIR = src\CMakeFiles\box2d.dir

build src\CMakeFiles\box2d.dir\contact_solver.c.obj: C_COMPILER__box2d_unscanned_Debug C$:\Users\Roger\source\repos\BallGame\vcpkg_installed\vcpkg\blds\box2d\src\v3.1.1-9e4ca3be47.clean\src\contact_solver.c || cmake_object_order_depends_target_box2d
  CONFIG = Debug
  DEFINES = -Dbox2d_EXPORTS
  FLAGS = /nologo /DWIN32 /D_WINDOWS /utf-8 /MP  /MDd /Z7 /Ob0 /Od /RTC1  -std:c17 -MDd /Wall /wd4820 /wd5045 /wd4061 /wd4711 /wd4710
  INCLUDES = -IC:\Users\Roger\source\repos\BallGame\vcpkg_installed\vcpkg\blds\box2d\src\v3.1.1-9e4ca3be47.clean\src\..\include -IC:\Users\Roger\source\repos\BallGame\vcpkg_installed\vcpkg\blds\box2d\x64-windows-dbg\src -IC:\Users\Roger\source\repos\BallGame\vcpkg_installed\vcpkg\blds\box2d\src\v3.1.1-9e4ca3be47.clean\src
  OBJECT_DIR = src\CMakeFiles\box2d.dir
  OBJECT_FILE_DIR = src\CMakeFiles\box2d.dir
  TARGET_COMPILE_PDB = src\CMakeFiles\box2d.dir\
  TARGET_PDB = bin\box2dd.pdb
  TARGET_SUPPORT_DIR = src\CMakeFiles\box2d.dir

build src\CMakeFiles\box2d.dir\core.c.obj: C_COMPILER__box2d_unscanned_Debug C$:\Users\Roger\source\repos\BallGame\vcpkg_installed\vcpkg\blds\box2d\src\v3.1.1-9e4ca3be47.clean\src\core.c || cmake_object_order_depends_target_box2d
  CONFIG = Debug
  DEFINES = -Dbox2d_EXPORTS
  FLAGS = /nologo /DWIN32 /D_WINDOWS /utf-8 /MP  /MDd /Z7 /Ob0 /Od /RTC1  -std:c17 -MDd /Wall /wd4820 /wd5045 /wd4061 /wd4711 /wd4710
  INCLUDES = -IC:\Users\Roger\source\repos\BallGame\vcpkg_installed\vcpkg\blds\box2d\src\v3.1.1-9e4ca3be47.clean\src\..\include -IC:\Users\Roger\source\repos\BallGame\vcpkg_installed\vcpkg\blds\box2d\x64-windows-dbg\src -IC:\Users\Roger\source\repos\BallGame\vcpkg_installed\vcpkg\blds\box2d\src\v3.1.1-9e4ca3be47.clean\src
  OBJECT_DIR = src\CMakeFiles\box2d.dir
  OBJECT_FILE_DIR = src\CMakeFiles\box2d.dir
  TARGET_COMPILE_PDB = src\CMakeFiles\box2d.dir\
  TARGET_PDB = bin\box2dd.pdb
  TARGET_SUPPORT_DIR = src\CMakeFiles\box2d.dir

build src\CMakeFiles\box2d.dir\distance.c.obj: C_COMPILER__box2d_unscanned_Debug C$:\Users\Roger\source\repos\BallGame\vcpkg_installed\vcpkg\blds\box2d\src\v3.1.1-9e4ca3be47.clean\src\distance.c || cmake_object_order_depends_target_box2d
  CONFIG = Debug
  DEFINES = -Dbox2d_EXPORTS
  FLAGS = /nologo /DWIN32 /D_WINDOWS /utf-8 /MP  /MDd /Z7 /Ob0 /Od /RTC1  -std:c17 -MDd /Wall /wd4820 /wd5045 /wd4061 /wd4711 /wd4710
  INCLUDES = -IC:\Users\Roger\source\repos\BallGame\vcpkg_installed\vcpkg\blds\box2d\src\v3.1.1-9e4ca3be47.clean\src\..\include -IC:\Users\Roger\source\repos\BallGame\vcpkg_installed\vcpkg\blds\box2d\x64-windows-dbg\src -IC:\Users\Roger\source\repos\BallGame\vcpkg_installed\vcpkg\blds\box2d\src\v3.1.1-9e4ca3be47.clean\src
  OBJECT_DIR = src\CMakeFiles\box2d.dir
  OBJECT_FILE_DIR = src\CMakeFiles\box2d.dir
  TARGET_COMPILE_PDB = src\CMakeFiles\box2d.dir\
  TARGET_PDB = bin\box2dd.pdb
  TARGET_SUPPORT_DIR = src\CMakeFiles\box2d.dir

build src\CMakeFiles\box2d.dir\distance_joint.c.obj: C_COMPILER__box2d_unscanned_Debug C$:\Users\Roger\source\repos\BallGame\vcpkg_installed\vcpkg\blds\box2d\src\v3.1.1-9e4ca3be47.clean\src\distance_joint.c || cmake_object_order_depends_target_box2d
  CONFIG = Debug
  DEFINES = -Dbox2d_EXPORTS
  FLAGS = /nologo /DWIN32 /D_WINDOWS /utf-8 /MP  /MDd /Z7 /Ob0 /Od /RTC1  -std:c17 -MDd /Wall /wd4820 /wd5045 /wd4061 /wd4711 /wd4710
  INCLUDES = -IC:\Users\Roger\source\repos\BallGame\vcpkg_installed\vcpkg\blds\box2d\src\v3.1.1-9e4ca3be47.clean\src\..\include -IC:\Users\Roger\source\repos\BallGame\vcpkg_installed\vcpkg\blds\box2d\x64-windows-dbg\src -IC:\Users\Roger\source\repos\BallGame\vcpkg_installed\vcpkg\blds\box2d\src\v3.1.1-9e4ca3be47.clean\src
  OBJECT_DIR = src\CMakeFiles\box2d.dir
  OBJECT_FILE_DIR = src\CMakeFiles\box2d.dir
  TARGET_COMPILE_PDB = src\CMakeFiles\box2d.dir\
  TARGET_PDB = bin\box2dd.pdb
  TARGET_SUPPORT_DIR = src\CMakeFiles\box2d.dir

build src\CMakeFiles\box2d.dir\dynamic_tree.c.obj: C_COMPILER__box2d_unscanned_Debug C$:\Users\Roger\source\repos\BallGame\vcpkg_installed\vcpkg\blds\box2d\src\v3.1.1-9e4ca3be47.clean\src\dynamic_tree.c || cmake_object_order_depends_target_box2d
  CONFIG = Debug
  DEFINES = -Dbox2d_EXPORTS
  FLAGS = /nologo /DWIN32 /D_WINDOWS /utf-8 /MP  /MDd /Z7 /Ob0 /Od /RTC1  -std:c17 -MDd /Wall /wd4820 /wd5045 /wd4061 /wd4711 /wd4710
  INCLUDES = -IC:\Users\Roger\source\repos\BallGame\vcpkg_installed\vcpkg\blds\box2d\src\v3.1.1-9e4ca3be47.clean\src\..\include -IC:\Users\Roger\source\repos\BallGame\vcpkg_installed\vcpkg\blds\box2d\x64-windows-dbg\src -IC:\Users\Roger\source\repos\BallGame\vcpkg_installed\vcpkg\blds\box2d\src\v3.1.1-9e4ca3be47.clean\src
  OBJECT_DIR = src\CMakeFiles\box2d.dir
  OBJECT_FILE_DIR = src\CMakeFiles\box2d.dir
  TARGET_COMPILE_PDB = src\CMakeFiles\box2d.dir\
  TARGET_PDB = bin\box2dd.pdb
  TARGET_SUPPORT_DIR = src\CMakeFiles\box2d.dir

build src\CMakeFiles\box2d.dir\geometry.c.obj: C_COMPILER__box2d_unscanned_Debug C$:\Users\Roger\source\repos\BallGame\vcpkg_installed\vcpkg\blds\box2d\src\v3.1.1-9e4ca3be47.clean\src\geometry.c || cmake_object_order_depends_target_box2d
  CONFIG = Debug
  DEFINES = -Dbox2d_EXPORTS
  FLAGS = /nologo /DWIN32 /D_WINDOWS /utf-8 /MP  /MDd /Z7 /Ob0 /Od /RTC1  -std:c17 -MDd /Wall /wd4820 /wd5045 /wd4061 /wd4711 /wd4710
  INCLUDES = -IC:\Users\Roger\source\repos\BallGame\vcpkg_installed\vcpkg\blds\box2d\src\v3.1.1-9e4ca3be47.clean\src\..\include -IC:\Users\Roger\source\repos\BallGame\vcpkg_installed\vcpkg\blds\box2d\x64-windows-dbg\src -IC:\Users\Roger\source\repos\BallGame\vcpkg_installed\vcpkg\blds\box2d\src\v3.1.1-9e4ca3be47.clean\src
  OBJECT_DIR = src\CMakeFiles\box2d.dir
  OBJECT_FILE_DIR = src\CMakeFiles\box2d.dir
  TARGET_COMPILE_PDB = src\CMakeFiles\box2d.dir\
  TARGET_PDB = bin\box2dd.pdb
  TARGET_SUPPORT_DIR = src\CMakeFiles\box2d.dir

build src\CMakeFiles\box2d.dir\hull.c.obj: C_COMPILER__box2d_unscanned_Debug C$:\Users\Roger\source\repos\BallGame\vcpkg_installed\vcpkg\blds\box2d\src\v3.1.1-9e4ca3be47.clean\src\hull.c || cmake_object_order_depends_target_box2d
  CONFIG = Debug
  DEFINES = -Dbox2d_EXPORTS
  FLAGS = /nologo /DWIN32 /D_WINDOWS /utf-8 /MP  /MDd /Z7 /Ob0 /Od /RTC1  -std:c17 -MDd /Wall /wd4820 /wd5045 /wd4061 /wd4711 /wd4710
  INCLUDES = -IC:\Users\Roger\source\repos\BallGame\vcpkg_installed\vcpkg\blds\box2d\src\v3.1.1-9e4ca3be47.clean\src\..\include -IC:\Users\Roger\source\repos\BallGame\vcpkg_installed\vcpkg\blds\box2d\x64-windows-dbg\src -IC:\Users\Roger\source\repos\BallGame\vcpkg_installed\vcpkg\blds\box2d\src\v3.1.1-9e4ca3be47.clean\src
  OBJECT_DIR = src\CMakeFiles\box2d.dir
  OBJECT_FILE_DIR = src\CMakeFiles\box2d.dir
  TARGET_COMPILE_PDB = src\CMakeFiles\box2d.dir\
  TARGET_PDB = bin\box2dd.pdb
  TARGET_SUPPORT_DIR = src\CMakeFiles\box2d.dir

build src\CMakeFiles\box2d.dir\id_pool.c.obj: C_COMPILER__box2d_unscanned_Debug C$:\Users\Roger\source\repos\BallGame\vcpkg_installed\vcpkg\blds\box2d\src\v3.1.1-9e4ca3be47.clean\src\id_pool.c || cmake_object_order_depends_target_box2d
  CONFIG = Debug
  DEFINES = -Dbox2d_EXPORTS
  FLAGS = /nologo /DWIN32 /D_WINDOWS /utf-8 /MP  /MDd /Z7 /Ob0 /Od /RTC1  -std:c17 -MDd /Wall /wd4820 /wd5045 /wd4061 /wd4711 /wd4710
  INCLUDES = -IC:\Users\Roger\source\repos\BallGame\vcpkg_installed\vcpkg\blds\box2d\src\v3.1.1-9e4ca3be47.clean\src\..\include -IC:\Users\Roger\source\repos\BallGame\vcpkg_installed\vcpkg\blds\box2d\x64-windows-dbg\src -IC:\Users\Roger\source\repos\BallGame\vcpkg_installed\vcpkg\blds\box2d\src\v3.1.1-9e4ca3be47.clean\src
  OBJECT_DIR = src\CMakeFiles\box2d.dir
  OBJECT_FILE_DIR = src\CMakeFiles\box2d.dir
  TARGET_COMPILE_PDB = src\CMakeFiles\box2d.dir\
  TARGET_PDB = bin\box2dd.pdb
  TARGET_SUPPORT_DIR = src\CMakeFiles\box2d.dir

build src\CMakeFiles\box2d.dir\island.c.obj: C_COMPILER__box2d_unscanned_Debug C$:\Users\Roger\source\repos\BallGame\vcpkg_installed\vcpkg\blds\box2d\src\v3.1.1-9e4ca3be47.clean\src\island.c || cmake_object_order_depends_target_box2d
  CONFIG = Debug
  DEFINES = -Dbox2d_EXPORTS
  FLAGS = /nologo /DWIN32 /D_WINDOWS /utf-8 /MP  /MDd /Z7 /Ob0 /Od /RTC1  -std:c17 -MDd /Wall /wd4820 /wd5045 /wd4061 /wd4711 /wd4710
  INCLUDES = -IC:\Users\Roger\source\repos\BallGame\vcpkg_installed\vcpkg\blds\box2d\src\v3.1.1-9e4ca3be47.clean\src\..\include -IC:\Users\Roger\source\repos\BallGame\vcpkg_installed\vcpkg\blds\box2d\x64-windows-dbg\src -IC:\Users\Roger\source\repos\BallGame\vcpkg_installed\vcpkg\blds\box2d\src\v3.1.1-9e4ca3be47.clean\src
  OBJECT_DIR = src\CMakeFiles\box2d.dir
  OBJECT_FILE_DIR = src\CMakeFiles\box2d.dir
  TARGET_COMPILE_PDB = src\CMakeFiles\box2d.dir\
  TARGET_PDB = bin\box2dd.pdb
  TARGET_SUPPORT_DIR = src\CMakeFiles\box2d.dir

build src\CMakeFiles\box2d.dir\joint.c.obj: C_COMPILER__box2d_unscanned_Debug C$:\Users\Roger\source\repos\BallGame\vcpkg_installed\vcpkg\blds\box2d\src\v3.1.1-9e4ca3be47.clean\src\joint.c || cmake_object_order_depends_target_box2d
  CONFIG = Debug
  DEFINES = -Dbox2d_EXPORTS
  FLAGS = /nologo /DWIN32 /D_WINDOWS /utf-8 /MP  /MDd /Z7 /Ob0 /Od /RTC1  -std:c17 -MDd /Wall /wd4820 /wd5045 /wd4061 /wd4711 /wd4710
  INCLUDES = -IC:\Users\Roger\source\repos\BallGame\vcpkg_installed\vcpkg\blds\box2d\src\v3.1.1-9e4ca3be47.clean\src\..\include -IC:\Users\Roger\source\repos\BallGame\vcpkg_installed\vcpkg\blds\box2d\x64-windows-dbg\src -IC:\Users\Roger\source\repos\BallGame\vcpkg_installed\vcpkg\blds\box2d\src\v3.1.1-9e4ca3be47.clean\src
  OBJECT_DIR = src\CMakeFiles\box2d.dir
  OBJECT_FILE_DIR = src\CMakeFiles\box2d.dir
  TARGET_COMPILE_PDB = src\CMakeFiles\box2d.dir\
  TARGET_PDB = bin\box2dd.pdb
  TARGET_SUPPORT_DIR = src\CMakeFiles\box2d.dir

build src\CMakeFiles\box2d.dir\manifold.c.obj: C_COMPILER__box2d_unscanned_Debug C$:\Users\Roger\source\repos\BallGame\vcpkg_installed\vcpkg\blds\box2d\src\v3.1.1-9e4ca3be47.clean\src\manifold.c || cmake_object_order_depends_target_box2d
  CONFIG = Debug
  DEFINES = -Dbox2d_EXPORTS
  FLAGS = /nologo /DWIN32 /D_WINDOWS /utf-8 /MP  /MDd /Z7 /Ob0 /Od /RTC1  -std:c17 -MDd /Wall /wd4820 /wd5045 /wd4061 /wd4711 /wd4710
  INCLUDES = -IC:\Users\Roger\source\repos\BallGame\vcpkg_installed\vcpkg\blds\box2d\src\v3.1.1-9e4ca3be47.clean\src\..\include -IC:\Users\Roger\source\repos\BallGame\vcpkg_installed\vcpkg\blds\box2d\x64-windows-dbg\src -IC:\Users\Roger\source\repos\BallGame\vcpkg_installed\vcpkg\blds\box2d\src\v3.1.1-9e4ca3be47.clean\src
  OBJECT_DIR = src\CMakeFiles\box2d.dir
  OBJECT_FILE_DIR = src\CMakeFiles\box2d.dir
  TARGET_COMPILE_PDB = src\CMakeFiles\box2d.dir\
  TARGET_PDB = bin\box2dd.pdb
  TARGET_SUPPORT_DIR = src\CMakeFiles\box2d.dir

build src\CMakeFiles\box2d.dir\math_functions.c.obj: C_COMPILER__box2d_unscanned_Debug C$:\Users\Roger\source\repos\BallGame\vcpkg_installed\vcpkg\blds\box2d\src\v3.1.1-9e4ca3be47.clean\src\math_functions.c || cmake_object_order_depends_target_box2d
  CONFIG = Debug
  DEFINES = -Dbox2d_EXPORTS
  FLAGS = /nologo /DWIN32 /D_WINDOWS /utf-8 /MP  /MDd /Z7 /Ob0 /Od /RTC1  -std:c17 -MDd /Wall /wd4820 /wd5045 /wd4061 /wd4711 /wd4710
  INCLUDES = -IC:\Users\Roger\source\repos\BallGame\vcpkg_installed\vcpkg\blds\box2d\src\v3.1.1-9e4ca3be47.clean\src\..\include -IC:\Users\Roger\source\repos\BallGame\vcpkg_installed\vcpkg\blds\box2d\x64-windows-dbg\src -IC:\Users\Roger\source\repos\BallGame\vcpkg_installed\vcpkg\blds\box2d\src\v3.1.1-9e4ca3be47.clean\src
  OBJECT_DIR = src\CMakeFiles\box2d.dir
  OBJECT_FILE_DIR = src\CMakeFiles\box2d.dir
  TARGET_COMPILE_PDB = src\CMakeFiles\box2d.dir\
  TARGET_PDB = bin\box2dd.pdb
  TARGET_SUPPORT_DIR = src\CMakeFiles\box2d.dir

build src\CMakeFiles\box2d.dir\motor_joint.c.obj: C_COMPILER__box2d_unscanned_Debug C$:\Users\Roger\source\repos\BallGame\vcpkg_installed\vcpkg\blds\box2d\src\v3.1.1-9e4ca3be47.clean\src\motor_joint.c || cmake_object_order_depends_target_box2d
  CONFIG = Debug
  DEFINES = -Dbox2d_EXPORTS
  FLAGS = /nologo /DWIN32 /D_WINDOWS /utf-8 /MP  /MDd /Z7 /Ob0 /Od /RTC1  -std:c17 -MDd /Wall /wd4820 /wd5045 /wd4061 /wd4711 /wd4710
  INCLUDES = -IC:\Users\Roger\source\repos\BallGame\vcpkg_installed\vcpkg\blds\box2d\src\v3.1.1-9e4ca3be47.clean\src\..\include -IC:\Users\Roger\source\repos\BallGame\vcpkg_installed\vcpkg\blds\box2d\x64-windows-dbg\src -IC:\Users\Roger\source\repos\BallGame\vcpkg_installed\vcpkg\blds\box2d\src\v3.1.1-9e4ca3be47.clean\src
  OBJECT_DIR = src\CMakeFiles\box2d.dir
  OBJECT_FILE_DIR = src\CMakeFiles\box2d.dir
  TARGET_COMPILE_PDB = src\CMakeFiles\box2d.dir\
  TARGET_PDB = bin\box2dd.pdb
  TARGET_SUPPORT_DIR = src\CMakeFiles\box2d.dir

build src\CMakeFiles\box2d.dir\mouse_joint.c.obj: C_COMPILER__box2d_unscanned_Debug C$:\Users\Roger\source\repos\BallGame\vcpkg_installed\vcpkg\blds\box2d\src\v3.1.1-9e4ca3be47.clean\src\mouse_joint.c || cmake_object_order_depends_target_box2d
  CONFIG = Debug
  DEFINES = -Dbox2d_EXPORTS
  FLAGS = /nologo /DWIN32 /D_WINDOWS /utf-8 /MP  /MDd /Z7 /Ob0 /Od /RTC1  -std:c17 -MDd /Wall /wd4820 /wd5045 /wd4061 /wd4711 /wd4710
  INCLUDES = -IC:\Users\Roger\source\repos\BallGame\vcpkg_installed\vcpkg\blds\box2d\src\v3.1.1-9e4ca3be47.clean\src\..\include -IC:\Users\Roger\source\repos\BallGame\vcpkg_installed\vcpkg\blds\box2d\x64-windows-dbg\src -IC:\Users\Roger\source\repos\BallGame\vcpkg_installed\vcpkg\blds\box2d\src\v3.1.1-9e4ca3be47.clean\src
  OBJECT_DIR = src\CMakeFiles\box2d.dir
  OBJECT_FILE_DIR = src\CMakeFiles\box2d.dir
  TARGET_COMPILE_PDB = src\CMakeFiles\box2d.dir\
  TARGET_PDB = bin\box2dd.pdb
  TARGET_SUPPORT_DIR = src\CMakeFiles\box2d.dir

build src\CMakeFiles\box2d.dir\mover.c.obj: C_COMPILER__box2d_unscanned_Debug C$:\Users\Roger\source\repos\BallGame\vcpkg_installed\vcpkg\blds\box2d\src\v3.1.1-9e4ca3be47.clean\src\mover.c || cmake_object_order_depends_target_box2d
  CONFIG = Debug
  DEFINES = -Dbox2d_EXPORTS
  FLAGS = /nologo /DWIN32 /D_WINDOWS /utf-8 /MP  /MDd /Z7 /Ob0 /Od /RTC1  -std:c17 -MDd /Wall /wd4820 /wd5045 /wd4061 /wd4711 /wd4710
  INCLUDES = -IC:\Users\Roger\source\repos\BallGame\vcpkg_installed\vcpkg\blds\box2d\src\v3.1.1-9e4ca3be47.clean\src\..\include -IC:\Users\Roger\source\repos\BallGame\vcpkg_installed\vcpkg\blds\box2d\x64-windows-dbg\src -IC:\Users\Roger\source\repos\BallGame\vcpkg_installed\vcpkg\blds\box2d\src\v3.1.1-9e4ca3be47.clean\src
  OBJECT_DIR = src\CMakeFiles\box2d.dir
  OBJECT_FILE_DIR = src\CMakeFiles\box2d.dir
  TARGET_COMPILE_PDB = src\CMakeFiles\box2d.dir\
  TARGET_PDB = bin\box2dd.pdb
  TARGET_SUPPORT_DIR = src\CMakeFiles\box2d.dir

build src\CMakeFiles\box2d.dir\prismatic_joint.c.obj: C_COMPILER__box2d_unscanned_Debug C$:\Users\Roger\source\repos\BallGame\vcpkg_installed\vcpkg\blds\box2d\src\v3.1.1-9e4ca3be47.clean\src\prismatic_joint.c || cmake_object_order_depends_target_box2d
  CONFIG = Debug
  DEFINES = -Dbox2d_EXPORTS
  FLAGS = /nologo /DWIN32 /D_WINDOWS /utf-8 /MP  /MDd /Z7 /Ob0 /Od /RTC1  -std:c17 -MDd /Wall /wd4820 /wd5045 /wd4061 /wd4711 /wd4710
  INCLUDES = -IC:\Users\Roger\source\repos\BallGame\vcpkg_installed\vcpkg\blds\box2d\src\v3.1.1-9e4ca3be47.clean\src\..\include -IC:\Users\Roger\source\repos\BallGame\vcpkg_installed\vcpkg\blds\box2d\x64-windows-dbg\src -IC:\Users\Roger\source\repos\BallGame\vcpkg_installed\vcpkg\blds\box2d\src\v3.1.1-9e4ca3be47.clean\src
  OBJECT_DIR = src\CMakeFiles\box2d.dir
  OBJECT_FILE_DIR = src\CMakeFiles\box2d.dir
  TARGET_COMPILE_PDB = src\CMakeFiles\box2d.dir\
  TARGET_PDB = bin\box2dd.pdb
  TARGET_SUPPORT_DIR = src\CMakeFiles\box2d.dir

build src\CMakeFiles\box2d.dir\revolute_joint.c.obj: C_COMPILER__box2d_unscanned_Debug C$:\Users\Roger\source\repos\BallGame\vcpkg_installed\vcpkg\blds\box2d\src\v3.1.1-9e4ca3be47.clean\src\revolute_joint.c || cmake_object_order_depends_target_box2d
  CONFIG = Debug
  DEFINES = -Dbox2d_EXPORTS
  FLAGS = /nologo /DWIN32 /D_WINDOWS /utf-8 /MP  /MDd /Z7 /Ob0 /Od /RTC1  -std:c17 -MDd /Wall /wd4820 /wd5045 /wd4061 /wd4711 /wd4710
  INCLUDES = -IC:\Users\Roger\source\repos\BallGame\vcpkg_installed\vcpkg\blds\box2d\src\v3.1.1-9e4ca3be47.clean\src\..\include -IC:\Users\Roger\source\repos\BallGame\vcpkg_installed\vcpkg\blds\box2d\x64-windows-dbg\src -IC:\Users\Roger\source\repos\BallGame\vcpkg_installed\vcpkg\blds\box2d\src\v3.1.1-9e4ca3be47.clean\src
  OBJECT_DIR = src\CMakeFiles\box2d.dir
  OBJECT_FILE_DIR = src\CMakeFiles\box2d.dir
  TARGET_COMPILE_PDB = src\CMakeFiles\box2d.dir\
  TARGET_PDB = bin\box2dd.pdb
  TARGET_SUPPORT_DIR = src\CMakeFiles\box2d.dir

build src\CMakeFiles\box2d.dir\sensor.c.obj: C_COMPILER__box2d_unscanned_Debug C$:\Users\Roger\source\repos\BallGame\vcpkg_installed\vcpkg\blds\box2d\src\v3.1.1-9e4ca3be47.clean\src\sensor.c || cmake_object_order_depends_target_box2d
  CONFIG = Debug
  DEFINES = -Dbox2d_EXPORTS
  FLAGS = /nologo /DWIN32 /D_WINDOWS /utf-8 /MP  /MDd /Z7 /Ob0 /Od /RTC1  -std:c17 -MDd /Wall /wd4820 /wd5045 /wd4061 /wd4711 /wd4710
  INCLUDES = -IC:\Users\Roger\source\repos\BallGame\vcpkg_installed\vcpkg\blds\box2d\src\v3.1.1-9e4ca3be47.clean\src\..\include -IC:\Users\Roger\source\repos\BallGame\vcpkg_installed\vcpkg\blds\box2d\x64-windows-dbg\src -IC:\Users\Roger\source\repos\BallGame\vcpkg_installed\vcpkg\blds\box2d\src\v3.1.1-9e4ca3be47.clean\src
  OBJECT_DIR = src\CMakeFiles\box2d.dir
  OBJECT_FILE_DIR = src\CMakeFiles\box2d.dir
  TARGET_COMPILE_PDB = src\CMakeFiles\box2d.dir\
  TARGET_PDB = bin\box2dd.pdb
  TARGET_SUPPORT_DIR = src\CMakeFiles\box2d.dir

build src\CMakeFiles\box2d.dir\shape.c.obj: C_COMPILER__box2d_unscanned_Debug C$:\Users\Roger\source\repos\BallGame\vcpkg_installed\vcpkg\blds\box2d\src\v3.1.1-9e4ca3be47.clean\src\shape.c || cmake_object_order_depends_target_box2d
  CONFIG = Debug
  DEFINES = -Dbox2d_EXPORTS
  FLAGS = /nologo /DWIN32 /D_WINDOWS /utf-8 /MP  /MDd /Z7 /Ob0 /Od /RTC1  -std:c17 -MDd /Wall /wd4820 /wd5045 /wd4061 /wd4711 /wd4710
  INCLUDES = -IC:\Users\Roger\source\repos\BallGame\vcpkg_installed\vcpkg\blds\box2d\src\v3.1.1-9e4ca3be47.clean\src\..\include -IC:\Users\Roger\source\repos\BallGame\vcpkg_installed\vcpkg\blds\box2d\x64-windows-dbg\src -IC:\Users\Roger\source\repos\BallGame\vcpkg_installed\vcpkg\blds\box2d\src\v3.1.1-9e4ca3be47.clean\src
  OBJECT_DIR = src\CMakeFiles\box2d.dir
  OBJECT_FILE_DIR = src\CMakeFiles\box2d.dir
  TARGET_COMPILE_PDB = src\CMakeFiles\box2d.dir\
  TARGET_PDB = bin\box2dd.pdb
  TARGET_SUPPORT_DIR = src\CMakeFiles\box2d.dir

build src\CMakeFiles\box2d.dir\solver.c.obj: C_COMPILER__box2d_unscanned_Debug C$:\Users\Roger\source\repos\BallGame\vcpkg_installed\vcpkg\blds\box2d\src\v3.1.1-9e4ca3be47.clean\src\solver.c || cmake_object_order_depends_target_box2d
  CONFIG = Debug
  DEFINES = -Dbox2d_EXPORTS
  FLAGS = /nologo /DWIN32 /D_WINDOWS /utf-8 /MP  /MDd /Z7 /Ob0 /Od /RTC1  -std:c17 -MDd /Wall /wd4820 /wd5045 /wd4061 /wd4711 /wd4710
  INCLUDES = -IC:\Users\Roger\source\repos\BallGame\vcpkg_installed\vcpkg\blds\box2d\src\v3.1.1-9e4ca3be47.clean\src\..\include -IC:\Users\Roger\source\repos\BallGame\vcpkg_installed\vcpkg\blds\box2d\x64-windows-dbg\src -IC:\Users\Roger\source\repos\BallGame\vcpkg_installed\vcpkg\blds\box2d\src\v3.1.1-9e4ca3be47.clean\src
  OBJECT_DIR = src\CMakeFiles\box2d.dir
  OBJECT_FILE_DIR = src\CMakeFiles\box2d.dir
  TARGET_COMPILE_PDB = src\CMakeFiles\box2d.dir\
  TARGET_PDB = bin\box2dd.pdb
  TARGET_SUPPORT_DIR = src\CMakeFiles\box2d.dir

build src\CMakeFiles\box2d.dir\solver_set.c.obj: C_COMPILER__box2d_unscanned_Debug C$:\Users\Roger\source\repos\BallGame\vcpkg_installed\vcpkg\blds\box2d\src\v3.1.1-9e4ca3be47.clean\src\solver_set.c || cmake_object_order_depends_target_box2d
  CONFIG = Debug
  DEFINES = -Dbox2d_EXPORTS
  FLAGS = /nologo /DWIN32 /D_WINDOWS /utf-8 /MP  /MDd /Z7 /Ob0 /Od /RTC1  -std:c17 -MDd /Wall /wd4820 /wd5045 /wd4061 /wd4711 /wd4710
  INCLUDES = -IC:\Users\Roger\source\repos\BallGame\vcpkg_installed\vcpkg\blds\box2d\src\v3.1.1-9e4ca3be47.clean\src\..\include -IC:\Users\Roger\source\repos\BallGame\vcpkg_installed\vcpkg\blds\box2d\x64-windows-dbg\src -IC:\Users\Roger\source\repos\BallGame\vcpkg_installed\vcpkg\blds\box2d\src\v3.1.1-9e4ca3be47.clean\src
  OBJECT_DIR = src\CMakeFiles\box2d.dir
  OBJECT_FILE_DIR = src\CMakeFiles\box2d.dir
  TARGET_COMPILE_PDB = src\CMakeFiles\box2d.dir\
  TARGET_PDB = bin\box2dd.pdb
  TARGET_SUPPORT_DIR = src\CMakeFiles\box2d.dir

build src\CMakeFiles\box2d.dir\table.c.obj: C_COMPILER__box2d_unscanned_Debug C$:\Users\Roger\source\repos\BallGame\vcpkg_installed\vcpkg\blds\box2d\src\v3.1.1-9e4ca3be47.clean\src\table.c || cmake_object_order_depends_target_box2d
  CONFIG = Debug
  DEFINES = -Dbox2d_EXPORTS
  FLAGS = /nologo /DWIN32 /D_WINDOWS /utf-8 /MP  /MDd /Z7 /Ob0 /Od /RTC1  -std:c17 -MDd /Wall /wd4820 /wd5045 /wd4061 /wd4711 /wd4710
  INCLUDES = -IC:\Users\Roger\source\repos\BallGame\vcpkg_installed\vcpkg\blds\box2d\src\v3.1.1-9e4ca3be47.clean\src\..\include -IC:\Users\Roger\source\repos\BallGame\vcpkg_installed\vcpkg\blds\box2d\x64-windows-dbg\src -IC:\Users\Roger\source\repos\BallGame\vcpkg_installed\vcpkg\blds\box2d\src\v3.1.1-9e4ca3be47.clean\src
  OBJECT_DIR = src\CMakeFiles\box2d.dir
  OBJECT_FILE_DIR = src\CMakeFiles\box2d.dir
  TARGET_COMPILE_PDB = src\CMakeFiles\box2d.dir\
  TARGET_PDB = bin\box2dd.pdb
  TARGET_SUPPORT_DIR = src\CMakeFiles\box2d.dir

build src\CMakeFiles\box2d.dir\timer.c.obj: C_COMPILER__box2d_unscanned_Debug C$:\Users\Roger\source\repos\BallGame\vcpkg_installed\vcpkg\blds\box2d\src\v3.1.1-9e4ca3be47.clean\src\timer.c || cmake_object_order_depends_target_box2d
  CONFIG = Debug
  DEFINES = -Dbox2d_EXPORTS
  FLAGS = /nologo /DWIN32 /D_WINDOWS /utf-8 /MP  /MDd /Z7 /Ob0 /Od /RTC1  -std:c17 -MDd /Wall /wd4820 /wd5045 /wd4061 /wd4711 /wd4710
  INCLUDES = -IC:\Users\Roger\source\repos\BallGame\vcpkg_installed\vcpkg\blds\box2d\src\v3.1.1-9e4ca3be47.clean\src\..\include -IC:\Users\Roger\source\repos\BallGame\vcpkg_installed\vcpkg\blds\box2d\x64-windows-dbg\src -IC:\Users\Roger\source\repos\BallGame\vcpkg_installed\vcpkg\blds\box2d\src\v3.1.1-9e4ca3be47.clean\src
  OBJECT_DIR = src\CMakeFiles\box2d.dir
  OBJECT_FILE_DIR = src\CMakeFiles\box2d.dir
  TARGET_COMPILE_PDB = src\CMakeFiles\box2d.dir\
  TARGET_PDB = bin\box2dd.pdb
  TARGET_SUPPORT_DIR = src\CMakeFiles\box2d.dir

build src\CMakeFiles\box2d.dir\types.c.obj: C_COMPILER__box2d_unscanned_Debug C$:\Users\Roger\source\repos\BallGame\vcpkg_installed\vcpkg\blds\box2d\src\v3.1.1-9e4ca3be47.clean\src\types.c || cmake_object_order_depends_target_box2d
  CONFIG = Debug
  DEFINES = -Dbox2d_EXPORTS
  FLAGS = /nologo /DWIN32 /D_WINDOWS /utf-8 /MP  /MDd /Z7 /Ob0 /Od /RTC1  -std:c17 -MDd /Wall /wd4820 /wd5045 /wd4061 /wd4711 /wd4710
  INCLUDES = -IC:\Users\Roger\source\repos\BallGame\vcpkg_installed\vcpkg\blds\box2d\src\v3.1.1-9e4ca3be47.clean\src\..\include -IC:\Users\Roger\source\repos\BallGame\vcpkg_installed\vcpkg\blds\box2d\x64-windows-dbg\src -IC:\Users\Roger\source\repos\BallGame\vcpkg_installed\vcpkg\blds\box2d\src\v3.1.1-9e4ca3be47.clean\src
  OBJECT_DIR = src\CMakeFiles\box2d.dir
  OBJECT_FILE_DIR = src\CMakeFiles\box2d.dir
  TARGET_COMPILE_PDB = src\CMakeFiles\box2d.dir\
  TARGET_PDB = bin\box2dd.pdb
  TARGET_SUPPORT_DIR = src\CMakeFiles\box2d.dir

build src\CMakeFiles\box2d.dir\weld_joint.c.obj: C_COMPILER__box2d_unscanned_Debug C$:\Users\Roger\source\repos\BallGame\vcpkg_installed\vcpkg\blds\box2d\src\v3.1.1-9e4ca3be47.clean\src\weld_joint.c || cmake_object_order_depends_target_box2d
  CONFIG = Debug
  DEFINES = -Dbox2d_EXPORTS
  FLAGS = /nologo /DWIN32 /D_WINDOWS /utf-8 /MP  /MDd /Z7 /Ob0 /Od /RTC1  -std:c17 -MDd /Wall /wd4820 /wd5045 /wd4061 /wd4711 /wd4710
  INCLUDES = -IC:\Users\Roger\source\repos\BallGame\vcpkg_installed\vcpkg\blds\box2d\src\v3.1.1-9e4ca3be47.clean\src\..\include -IC:\Users\Roger\source\repos\BallGame\vcpkg_installed\vcpkg\blds\box2d\x64-windows-dbg\src -IC:\Users\Roger\source\repos\BallGame\vcpkg_installed\vcpkg\blds\box2d\src\v3.1.1-9e4ca3be47.clean\src
  OBJECT_DIR = src\CMakeFiles\box2d.dir
  OBJECT_FILE_DIR = src\CMakeFiles\box2d.dir
  TARGET_COMPILE_PDB = src\CMakeFiles\box2d.dir\
  TARGET_PDB = bin\box2dd.pdb
  TARGET_SUPPORT_DIR = src\CMakeFiles\box2d.dir

build src\CMakeFiles\box2d.dir\wheel_joint.c.obj: C_COMPILER__box2d_unscanned_Debug C$:\Users\Roger\source\repos\BallGame\vcpkg_installed\vcpkg\blds\box2d\src\v3.1.1-9e4ca3be47.clean\src\wheel_joint.c || cmake_object_order_depends_target_box2d
  CONFIG = Debug
  DEFINES = -Dbox2d_EXPORTS
  FLAGS = /nologo /DWIN32 /D_WINDOWS /utf-8 /MP  /MDd /Z7 /Ob0 /Od /RTC1  -std:c17 -MDd /Wall /wd4820 /wd5045 /wd4061 /wd4711 /wd4710
  INCLUDES = -IC:\Users\Roger\source\repos\BallGame\vcpkg_installed\vcpkg\blds\box2d\src\v3.1.1-9e4ca3be47.clean\src\..\include -IC:\Users\Roger\source\repos\BallGame\vcpkg_installed\vcpkg\blds\box2d\x64-windows-dbg\src -IC:\Users\Roger\source\repos\BallGame\vcpkg_installed\vcpkg\blds\box2d\src\v3.1.1-9e4ca3be47.clean\src
  OBJECT_DIR = src\CMakeFiles\box2d.dir
  OBJECT_FILE_DIR = src\CMakeFiles\box2d.dir
  TARGET_COMPILE_PDB = src\CMakeFiles\box2d.dir\
  TARGET_PDB = bin\box2dd.pdb
  TARGET_SUPPORT_DIR = src\CMakeFiles\box2d.dir

build src\CMakeFiles\box2d.dir\world.c.obj: C_COMPILER__box2d_unscanned_Debug C$:\Users\Roger\source\repos\BallGame\vcpkg_installed\vcpkg\blds\box2d\src\v3.1.1-9e4ca3be47.clean\src\world.c || cmake_object_order_depends_target_box2d
  CONFIG = Debug
  DEFINES = -Dbox2d_EXPORTS
  FLAGS = /nologo /DWIN32 /D_WINDOWS /utf-8 /MP  /MDd /Z7 /Ob0 /Od /RTC1  -std:c17 -MDd /Wall /wd4820 /wd5045 /wd4061 /wd4711 /wd4710
  INCLUDES = -IC:\Users\Roger\source\repos\BallGame\vcpkg_installed\vcpkg\blds\box2d\src\v3.1.1-9e4ca3be47.clean\src\..\include -IC:\Users\Roger\source\repos\BallGame\vcpkg_installed\vcpkg\blds\box2d\x64-windows-dbg\src -IC:\Users\Roger\source\repos\BallGame\vcpkg_installed\vcpkg\blds\box2d\src\v3.1.1-9e4ca3be47.clean\src
  OBJECT_DIR = src\CMakeFiles\box2d.dir
  OBJECT_FILE_DIR = src\CMakeFiles\box2d.dir
  TARGET_COMPILE_PDB = src\CMakeFiles\box2d.dir\
  TARGET_PDB = bin\box2dd.pdb
  TARGET_SUPPORT_DIR = src\CMakeFiles\box2d.dir


# =============================================================================
# Link build statements for SHARED_LIBRARY target box2d


#############################################
# Link the shared library bin\box2dd.dll

build bin\box2dd.dll src\box2dd.lib: C_SHARED_LIBRARY_LINKER__box2d_Debug src\CMakeFiles\box2d.dir\aabb.c.obj src\CMakeFiles\box2d.dir\arena_allocator.c.obj src\CMakeFiles\box2d.dir\array.c.obj src\CMakeFiles\box2d.dir\bitset.c.obj src\CMakeFiles\box2d.dir\body.c.obj src\CMakeFiles\box2d.dir\broad_phase.c.obj src\CMakeFiles\box2d.dir\constraint_graph.c.obj src\CMakeFiles\box2d.dir\contact.c.obj src\CMakeFiles\box2d.dir\contact_solver.c.obj src\CMakeFiles\box2d.dir\core.c.obj src\CMakeFiles\box2d.dir\distance.c.obj src\CMakeFiles\box2d.dir\distance_joint.c.obj src\CMakeFiles\box2d.dir\dynamic_tree.c.obj src\CMakeFiles\box2d.dir\geometry.c.obj src\CMakeFiles\box2d.dir\hull.c.obj src\CMakeFiles\box2d.dir\id_pool.c.obj src\CMakeFiles\box2d.dir\island.c.obj src\CMakeFiles\box2d.dir\joint.c.obj src\CMakeFiles\box2d.dir\manifold.c.obj src\CMakeFiles\box2d.dir\math_functions.c.obj src\CMakeFiles\box2d.dir\motor_joint.c.obj src\CMakeFiles\box2d.dir\mouse_joint.c.obj src\CMakeFiles\box2d.dir\mover.c.obj src\CMakeFiles\box2d.dir\prismatic_joint.c.obj src\CMakeFiles\box2d.dir\revolute_joint.c.obj src\CMakeFiles\box2d.dir\sensor.c.obj src\CMakeFiles\box2d.dir\shape.c.obj src\CMakeFiles\box2d.dir\solver.c.obj src\CMakeFiles\box2d.dir\solver_set.c.obj src\CMakeFiles\box2d.dir\table.c.obj src\CMakeFiles\box2d.dir\timer.c.obj src\CMakeFiles\box2d.dir\types.c.obj src\CMakeFiles\box2d.dir\weld_joint.c.obj src\CMakeFiles\box2d.dir\wheel_joint.c.obj src\CMakeFiles\box2d.dir\world.c.obj
  CONFIG = Debug
  LANGUAGE_COMPILE_FLAGS = /nologo /DWIN32 /D_WINDOWS /utf-8 /MP  /MDd /Z7 /Ob0 /Od /RTC1  -MDd
  LINK_FLAGS = /machine:x64 /nologo    /debug /INCREMENTAL
  LINK_LIBRARIES = kernel32.lib user32.lib gdi32.lib winspool.lib shell32.lib ole32.lib oleaut32.lib uuid.lib comdlg32.lib advapi32.lib
  OBJECT_DIR = src\CMakeFiles\box2d.dir
  POST_BUILD = cd .
  PRE_LINK = cd .
  RESTAT = 1
  TARGET_COMPILE_PDB = src\CMakeFiles\box2d.dir\
  TARGET_FILE = bin\box2dd.dll
  TARGET_IMPLIB = src\box2dd.lib
  TARGET_PDB = bin\box2dd.pdb
  TARGET_SUPPORT_DIR = src\CMakeFiles\box2d.dir


#############################################
# Utility command for edit_cache

build src\CMakeFiles\edit_cache.util: CUSTOM_COMMAND
  COMMAND = C:\WINDOWS\system32\cmd.exe /C "cd /D C:\Users\Roger\source\repos\BallGame\vcpkg_installed\vcpkg\blds\box2d\x64-windows-dbg\src && "C:\Program Files\CMake\bin\cmake-gui.exe" -SC:\Users\Roger\source\repos\BallGame\vcpkg_installed\vcpkg\blds\box2d\src\v3.1.1-9e4ca3be47.clean -BC:\Users\Roger\source\repos\BallGame\vcpkg_installed\vcpkg\blds\box2d\x64-windows-dbg"
  DESC = Running CMake cache editor...
  pool = console
  restat = 1

build src\edit_cache: phony src\CMakeFiles\edit_cache.util


#############################################
# Utility command for rebuild_cache

build src\CMakeFiles\rebuild_cache.util: CUSTOM_COMMAND
  COMMAND = C:\WINDOWS\system32\cmd.exe /C "cd /D C:\Users\Roger\source\repos\BallGame\vcpkg_installed\vcpkg\blds\box2d\x64-windows-dbg\src && "C:\Program Files\CMake\bin\cmake.exe" --regenerate-during-build -SC:\Users\Roger\source\repos\BallGame\vcpkg_installed\vcpkg\blds\box2d\src\v3.1.1-9e4ca3be47.clean -BC:\Users\Roger\source\repos\BallGame\vcpkg_installed\vcpkg\blds\box2d\x64-windows-dbg"
  DESC = Running CMake to regenerate build system...
  pool = console
  restat = 1

build src\rebuild_cache: phony src\CMakeFiles\rebuild_cache.util


#############################################
# Utility command for list_install_components

build src\list_install_components: phony


#############################################
# Utility command for install

build src\CMakeFiles\install.util: CUSTOM_COMMAND src\all
  COMMAND = C:\WINDOWS\system32\cmd.exe /C "cd /D C:\Users\Roger\source\repos\BallGame\vcpkg_installed\vcpkg\blds\box2d\x64-windows-dbg\src && "C:\Program Files\CMake\bin\cmake.exe" -P cmake_install.cmake"
  DESC = Install the project...
  pool = console
  restat = 1

build src\install: phony src\CMakeFiles\install.util


#############################################
# Utility command for install/local

build src\CMakeFiles\install\local.util: CUSTOM_COMMAND src\all
  COMMAND = C:\WINDOWS\system32\cmd.exe /C "cd /D C:\Users\Roger\source\repos\BallGame\vcpkg_installed\vcpkg\blds\box2d\x64-windows-dbg\src && "C:\Program Files\CMake\bin\cmake.exe" -DCMAKE_INSTALL_LOCAL_ONLY=1 -P cmake_install.cmake"
  DESC = Installing only the local directory...
  pool = console
  restat = 1

build src\install\local: phony src\CMakeFiles\install\local.util

# =============================================================================
# Target aliases.

build box2d: phony bin\box2dd.dll

build box2dd.dll: phony bin\box2dd.dll

# =============================================================================
# Folder targets.

# =============================================================================

#############################################
# Folder: C:/Users/Roger/source/repos/BallGame/vcpkg_installed/vcpkg/blds/box2d/x64-windows-dbg

build all: phony src\all

# =============================================================================

#############################################
# Folder: C:/Users/Roger/source/repos/BallGame/vcpkg_installed/vcpkg/blds/box2d/x64-windows-dbg/src

build src\all: phony bin\box2dd.dll

# =============================================================================
# Built-in targets


#############################################
# Re-run CMake if any of its inputs changed.

build build.ninja C$:\Users\Roger\source\repos\BallGame\vcpkg_installed\vcpkg\blds\box2d\x64-windows-dbg\cmake_install.cmake C$:\Users\Roger\source\repos\BallGame\vcpkg_installed\vcpkg\blds\box2d\x64-windows-dbg\src\cmake_install.cmake: RERUN_CMAKE | C$:\Program$ Files\CMake\share\cmake-4.3\Modules\BasicConfigVersion-SameMajorVersion.cmake.in C$:\Program$ Files\CMake\share\cmake-4.3\Modules\CMakeCCompiler.cmake.in C$:\Program$ Files\CMake\share\cmake-4.3\Modules\CMakeCCompilerABI.c C$:\Program$ Files\CMake\share\cmake-4.3\Modules\CMakeCInformation.cmake C$:\Program$ Files\CMake\share\cmake-4.3\Modules\CMakeCXXCompiler.cmake.in C$:\Program$ Files\CMake\share\cmake-4.3\Modules\CMakeCXXCompilerABI.cpp C$:\Program$ Files\CMake\share\cmake-4.3\Modules\CMakeCXXInformation.cmake C$:\Program$ Files\CMake\share\cmake-4.3\Modules\CMakeCommonLanguageInclude.cmake C$:\Program$ Files\CMake\share\cmake-4.3\Modules\CMakeCompilerIdDetection.cmake C$:\Program$ Files\CMake\share\cmake-4.3\Modules\CMakeDependentOption.cmake C$:\Program$ Files\CMake\share\cmake-4.3\Modules\CMakeDetermineCCompiler.cmake C$:\Program$ Files\CMake\share\cmake-4.3\Modules\CMakeDetermineCXXCompiler.cmake C$:\Program$ Files\CMake\share\cmake-4.3\Modules\CMakeDetermineCompiler.cmake C$:\Program$ Files\CMake\share\cmake-4.3\Modules\CMakeDetermineCompilerABI.cmake C$:\Program$ Files\CMake\share\cmake-4.3\Modules\CMakeDetermineCompilerId.cmake C$:\Program$ Files\CMake\share\cmake-4.3\Modules\CMakeDetermineCompilerSupport.cmake C$:\Program$ Files\CMake\share\cmake-4.3\Modules\CMakeDetermineRCCompiler.cmake C$:\Program$ Files\CMake\share\cmake-4.3\Modules\CMakeDetermineSystem.cmake C$:\Program$ Files\CMake\share\cmake-4.3\Modules\CMakeFindBinUtils.cmake C$:\Program$ Files\CMake\share\cmake-4.3\Modules\CMakeGenericSystem.cmake C$:\Program$ Files\CMake\share\cmake-4.3\Modules\CMakeInitializeConfigs.cmake C$:\Program$ Files\CMake\share\cmake-4.3\Modules\CMakeLanguageInformation.cmake C$:\Program$ Files\CMake\share\cmake-4.3\Modules\CMakePackageConfigHelpers.cmake C$:\Program$ Files\CMake\share\cmake-4.3\Modules\CMakeParseImplicitIncludeInfo.cmake C$:\Program$ Files\CMake\share\cmake-4.3\Modules\CMakeParseImplicitLinkInfo.cmake C$:\Program$ Files\CMake\share\cmake-4.3\Modules\CMakeParseLibraryArchitecture.cmake C$:\Program$ Files\CMake\share\cmake-4.3\Modules\CMakeRCCompiler.cmake.in C$:\Program$ Files\CMake\share\cmake-4.3\Modules\CMakeRCInformation.cmake C$:\Program$ Files\CMake\share\cmake-4.3\Modules\CMakeSystem.cmake.in C$:\Program$ Files\CMake\share\cmake-4.3\Modules\CMakeSystemSpecificInformation.cmake C$:\Program$ Files\CMake\share\cmake-4.3\Modules\CMakeSystemSpecificInitialize.cmake C$:\Program$ Files\CMake\share\cmake-4.3\Modules\CMakeTestCCompiler.cmake C$:\Program$ Files\CMake\share\cmake-4.3\Modules\CMakeTestCXXCompiler.cmake C$:\Program$ Files\CMake\share\cmake-4.3\Modules\CMakeTestCompilerCommon.cmake C$:\Program$ Files\CMake\share\cmake-4.3\Modules\CMakeTestRCCompiler.cmake C$:\Program$ Files\CMake\share\cmake-4.3\Modules\Compiler\ADSP-DetermineCompiler.cmake C$:\Program$ Files\CMake\share\cmake-4.3\Modules\Compiler\ARMCC-DetermineCompiler.cmake C$:\Program$ Files\CMake\share\cmake-4.3\Modules\Compiler\ARMClang-DetermineCompiler.cmake C$:\Program$ Files\CMake\share\cmake-4.3\Modules\Compiler\AppleClang-DetermineCompiler.cmake C$:\Program$ Files\CMake\share\cmake-4.3\Modules\Compiler\Borland-DetermineCompiler.cmake C$:\Program$ Files\CMake\share\cmake-4.3\Modules\Compiler\Bruce-C-DetermineCompiler.cmake C$:\Program$ Files\CMake\share\cmake-4.3\Modules\Compiler\CMakeCommonCompilerMacros.cmake C$:\Program$ Files\CMake\share\cmake-4.3\Modules\Compiler\Clang-DetermineCompiler.cmake C$:\Program$ Files\CMake\share\cmake-4.3\Modules\Compiler\Clang-DetermineCompilerInternal.cmake C$:\Program$ Files\CMake\share\cmake-4.3\Modules\Compiler\Compaq-C-DetermineCompiler.cmake C$:\Program$ Files\CMake\share\cmake-4.3\Modules\Compiler\Compaq-CXX-DetermineCompiler.cmake C$:\Program$ Files\CMake\share\cmake-4.3\Modules\Compiler\Cray-DetermineCompiler.cmake C$:\Program$ Files\CMake\share\cmake-4.3\Modules\Compiler\CrayClang-DetermineCompiler.cmake C$:\Program$ Files\CMake\share\cmake-4.3\Modules\Compiler\Diab-DetermineCompiler.cmake C$:\Program$ Files\CMake\share\cmake-4.3\Modules\Compiler\Embarcadero-DetermineCompiler.cmake C$:\Program$ Files\CMake\share\cmake-4.3\Modules\Compiler\Fujitsu-DetermineCompiler.cmake C$:\Program$ Files\CMake\share\cmake-4.3\Modules\Compiler\FujitsuClang-DetermineCompiler.cmake C$:\Program$ Files\CMake\share\cmake-4.3\Modules\Compiler\GHS-DetermineCompiler.cmake C$:\Program$ Files\CMake\share\cmake-4.3\Modules\Compiler\GNU-C-DetermineCompiler.cmake C$:\Program$ Files\CMake\share\cmake-4.3\Modules\Compiler\GNU-CXX-DetermineCompiler.cmake C$:\Program$ Files\CMake\share\cmake-4.3\Modules\Compiler\HP-C-DetermineCompiler.cmake C$:\Program$ Files\CMake\share\cmake-4.3\Modules\Compiler\HP-CXX-DetermineCompiler.cmake C$:\Program$ Files\CMake\share\cmake-4.3\Modules\Compiler\IAR-DetermineCompiler.cmake C$:\Program$ Files\CMake\share\cmake-4.3\Modules\Compiler\IBMCPP-C-DetermineVersionInternal.cmake C$:\Program$ Files\CMake\share\cmake-4.3\Modules\Compiler\IBMCPP-CXX-DetermineVersionInternal.cmake C$:\Program$ Files\CMake\share\cmake-4.3\Modules\Compiler\IBMClang-C-DetermineCompiler.cmake C$:\Program$ Files\CMake\share\cmake-4.3\Modules\Compiler\IBMClang-CXX-DetermineCompiler.cmake C$:\Program$ Files\CMake\share\cmake-4.3\Modules\Compiler\Intel-DetermineCompiler.cmake C$:\Program$ Files\CMake\share\cmake-4.3\Modules\Compiler\IntelLLVM-DetermineCompiler.cmake C$:\Program$ Files\CMake\share\cmake-4.3\Modules\Compiler\LCC-C-DetermineCompiler.cmake C$:\Program$ Files\CMake\share\cmake-4.3\Modules\Compiler\LCC-CXX-DetermineCompiler.cmake C$:\Program$ Files\CMake\share\cmake-4.3\Modules\Compiler\MSVC-C.cmake C$:\Program$ Files\CMake\share\cmake-4.3\Modules\Compiler\MSVC-CXX-CXXImportStd.cmake C$:\Program$ Files\CMake\share\cmake-4.3\Modules\Compiler\MSVC-CXX.cmake C$:\Program$ Files\CMake\share\cmake-4.3\Modules\Compiler\MSVC-DetermineCompiler.cmake C$:\Program$ Files\CMake\share\cmake-4.3\Modules\Compiler\MSVC.cmake C$:\Program$ Files\CMake\share\cmake-4.3\Modules\Compiler\NVHPC-DetermineCompiler.cmake C$:\Program$ Files\CMake\share\cmake-4.3\Modules\Compiler\NVIDIA-DetermineCompiler.cmake C$:\Program$ Files\CMake\share\cmake-4.3\Modules\Compiler\OpenWatcom-DetermineCompiler.cmake C$:\Program$ Files\CMake\share\cmake-4.3\Modules\Compiler\OrangeC-DetermineCompiler.cmake C$:\Program$ Files\CMake\share\cmake-4.3\Modules\Compiler\PGI-DetermineCompiler.cmake C$:\Program$ Files\CMake\share\cmake-4.3\Modules\Compiler\PathScale-DetermineCompiler.cmake C$:\Program$ Files\CMake\share\cmake-4.3\Modules\Compiler\Renesas-DetermineCompiler.cmake C$:\Program$ Files\CMake\share\cmake-4.3\Modules\Compiler\SCO-DetermineCompiler.cmake C$:\Program$ Files\CMake\share\cmake-4.3\Modules\Compiler\SDCC-C-DetermineCompiler.cmake C$:\Program$ Files\CMake\share\cmake-4.3\Modules\Compiler\SunPro-C-DetermineCompiler.cmake C$:\Program$ Files\CMake\share\cmake-4.3\Modules\Compiler\SunPro-CXX-DetermineCompiler.cmake C$:\Program$ Files\CMake\share\cmake-4.3\Modules\Compiler\TI-DetermineCompiler.cmake C$:\Program$ Files\CMake\share\cmake-4.3\Modules\Compiler\TIClang-DetermineCompiler.cmake C$:\Program$ Files\CMake\share\cmake-4.3\Modules\Compiler\Tasking-DetermineCompiler.cmake C$:\Program$ Files\CMake\share\cmake-4.3\Modules\Compiler\TinyCC-C-DetermineCompiler.cmake C$:\Program$ Files\CMake\share\cmake-4.3\Modules\Compiler\VisualAge-C-DetermineCompiler.cmake C$:\Program$ Files\CMake\share\cmake-4.3\Modules\Compiler\VisualAge-CXX-DetermineCompiler.cmake C$:\Program$ Files\CMake\share\cmake-4.3\Modules\Compiler\Watcom-DetermineCompiler.cmake C$:\Program$ Files\CMake\share\cmake-4.3\Modules\Compiler\XL-C-DetermineCompiler.cmake C$:\Program$ Files\CMake\share\cmake-4.3\Modules\Compiler\XL-CXX-DetermineCompiler.cmake C$:\Program$ Files\CMake\share\cmake-4.3\Modules\Compiler\XLClang-C-DetermineCompiler.cmake C$:\Program$ Files\CMake\share\cmake-4.3\Modules\Compiler\XLClang-CXX-DetermineCompiler.cmake C$:\Program$ Files\CMake\share\cmake-4.3\Modules\Compiler\zOS-C-DetermineCompiler.cmake C$:\Program$ Files\CMake\share\cmake-4.3\Modules\Compiler\zOS-CXX-DetermineCompiler.cmake C$:\Program$ Files\CMake\share\cmake-4.3\Modules\ExternalProject\shared_internal_commands.cmake C$:\Program$ Files\CMake\share\cmake-4.3\Modules\FetchContent.cmake C$:\Program$ Files\CMake\share\cmake-4.3\Modules\GNUInstallDirs.cmake C$:\Program$ Files\CMake\share\cmake-4.3\Modules\Internal\CMakeCLinkerInformation.cmake C$:\Program$ Files\CMake\share\cmake-4.3\Modules\Internal\CMakeCXXLinkerInformation.cmake C$:\Program$ Files\CMake\share\cmake-4.3\Modules\Internal\CMakeCommonLinkerInformation.cmake C$:\Program$ Files\CMake\share\cmake-4.3\Modules\Internal\CMakeDetermineLinkerId.cmake C$:\Program$ Files\CMake\share\cmake-4.3\Modules\Internal\CMakeInspectCLinker.cmake C$:\Program$ Files\CMake\share\cmake-4.3\Modules\Internal\CMakeInspectCXXLinker.cmake C$:\Program$ Files\CMake\share\cmake-4.3\Modules\Internal\FeatureTesting.cmake C$:\Program$ Files\CMake\share\cmake-4.3\Modules\Linker\MSVC-C.cmake C$:\Program$ Files\CMake\share\cmake-4.3\Modules\Linker\MSVC-CXX.cmake C$:\Program$ Files\CMake\share\cmake-4.3\Modules\Linker\MSVC.cmake C$:\Program$ Files\CMake\share\cmake-4.3\Modules\Platform\Linker\Windows-MSVC-C.cmake C$:\Program$ Files\CMake\share\cmake-4.3\Modules\Platform\Linker\Windows-MSVC-CXX.cmake C$:\Program$ Files\CMake\share\cmake-4.3\Modules\Platform\Linker\Windows-MSVC.cmake C$:\Program$ Files\CMake\share\cmake-4.3\Modules\Platform\Windows-Determine-CXX.cmake C$:\Program$ Files\CMake\share\cmake-4.3\Modules\Platform\Windows-Initialize.cmake C$:\Program$ Files\CMake\share\cmake-4.3\Modules\Platform\Windows-MSVC-C.cmake C$:\Program$ Files\CMake\share\cmake-4.3\Modules\Platform\Windows-MSVC-CXX.cmake C$:\Program$ Files\CMake\share\cmake-4.3\Modules\Platform\Windows-MSVC.cmake C$:\Program$ Files\CMake\share\cmake-4.3\Modules\Platform\Windows.cmake C$:\Program$ Files\CMake\share\cmake-4.3\Modules\Platform\WindowsPaths.cmake C$:\Program$ Files\CMake\share\cmake-4.3\Modules\WriteBasicConfigVersionFile.cmake C$:\Program$ Files\Microsoft$ Visual$ Studio\18\Community\VC\vcpkg\scripts\buildsystems\vcpkg.cmake C$:\Program$ Files\Microsoft$ Visual$ Studio\18\Community\VC\vcpkg\scripts\toolchains\windows.cmake C$:\Users\Roger\source\repos\BallGame\vcpkg_installed\vcpkg\blds\box2d\src\v3.1.1-9e4ca3be47.clean\CMakeLists.txt C$:\Users\Roger\source\repos\BallGame\vcpkg_installed\vcpkg\blds\box2d\src\v3.1.1-9e4ca3be47.clean\src\CMakeLists.txt CMakeCache.txt CMakeFiles\4.3.0-rc1\CMakeCCompiler.cmake CMakeFiles\4.3.0-rc1\CMakeCXXCompiler.cmake CMakeFiles\4.3.0-rc1\CMakeRCCompiler.cmake CMakeFiles\4.3.0-rc1\CMakeSystem.cmake
  pool = console


#############################################
# A missing CMake input file is not an error.

build C$:\Program$ Files\CMake\share\cmake-4.3\Modules\BasicConfigVersion-SameMajorVersion.cmake.in C$:\Program$ Files\CMake\share\cmake-4.3\Modules\CMakeCCompiler.cmake.in C$:\Program$ Files\CMake\share\cmake-4.3\Modules\CMakeCCompilerABI.c C$:\Program$ Files\CMake\share\cmake-4.3\Modules\CMakeCInformation.cmake C$:\Program$ Files\CMake\share\cmake-4.3\Modules\CMakeCXXCompiler.cmake.in C$:\Program$ Files\CMake\share\cmake-4.3\Modules\CMakeCXXCompilerABI.cpp C$:\Program$ Files\CMake\share\cmake-4.3\Modules\CMakeCXXInformation.cmake C$:\Program$ Files\CMake\share\cmake-4.3\Modules\CMakeCommonLanguageInclude.cmake C$:\Program$ Files\CMake\share\cmake-4.3\Modules\CMakeCompilerIdDetection.cmake C$:\Program$ Files\CMake\share\cmake-4.3\Modules\CMakeDependentOption.cmake C$:\Program$ Files\CMake\share\cmake-4.3\Modules\CMakeDetermineCCompiler.cmake C$:\Program$ Files\CMake\share\cmake-4.3\Modules\CMakeDetermineCXXCompiler.cmake C$:\Program$ Files\CMake\share\cmake-4.3\Modules\CMakeDetermineCompiler.cmake C$:\Program$ Files\CMake\share\cmake-4.3\Modules\CMakeDetermineCompilerABI.cmake C$:\Program$ Files\CMake\share\cmake-4.3\Modules\CMakeDetermineCompilerId.cmake C$:\Program$ Files\CMake\share\cmake-4.3\Modules\CMakeDetermineCompilerSupport.cmake C$:\Program$ Files\CMake\share\cmake-4.3\Modules\CMakeDetermineRCCompiler.cmake C$:\Program$ Files\CMake\share\cmake-4.3\Modules\CMakeDetermineSystem.cmake C$:\Program$ Files\CMake\share\cmake-4.3\Modules\CMakeFindBinUtils.cmake C$:\Program$ Files\CMake\share\cmake-4.3\Modules\CMakeGenericSystem.cmake C$:\Program$ Files\CMake\share\cmake-4.3\Modules\CMakeInitializeConfigs.cmake C$:\Program$ Files\CMake\share\cmake-4.3\Modules\CMakeLanguageInformation.cmake C$:\Program$ Files\CMake\share\cmake-4.3\Modules\CMakePackageConfigHelpers.cmake C$:\Program$ Files\CMake\share\cmake-4.3\Modules\CMakeParseImplicitIncludeInfo.cmake C$:\Program$ Files\CMake\share\cmake-4.3\Modules\CMakeParseImplicitLinkInfo.cmake C$:\Program$ Files\CMake\share\cmake-4.3\Modules\CMakeParseLibraryArchitecture.cmake C$:\Program$ Files\CMake\share\cmake-4.3\Modules\CMakeRCCompiler.cmake.in C$:\Program$ Files\CMake\share\cmake-4.3\Modules\CMakeRCInformation.cmake C$:\Program$ Files\CMake\share\cmake-4.3\Modules\CMakeSystem.cmake.in C$:\Program$ Files\CMake\share\cmake-4.3\Modules\CMakeSystemSpecificInformation.cmake C$:\Program$ Files\CMake\share\cmake-4.3\Modules\CMakeSystemSpecificInitialize.cmake C$:\Program$ Files\CMake\share\cmake-4.3\Modules\CMakeTestCCompiler.cmake C$:\Program$ Files\CMake\share\cmake-4.3\Modules\CMakeTestCXXCompiler.cmake C$:\Program$ Files\CMake\share\cmake-4.3\Modules\CMakeTestCompilerCommon.cmake C$:\Program$ Files\CMake\share\cmake-4.3\Modules\CMakeTestRCCompiler.cmake C$:\Program$ Files\CMake\share\cmake-4.3\Modules\Compiler\ADSP-DetermineCompiler.cmake C$:\Program$ Files\CMake\share\cmake-4.3\Modules\Compiler\ARMCC-DetermineCompiler.cmake C$:\Program$ Files\CMake\share\cmake-4.3\Modules\Compiler\ARMClang-DetermineCompiler.cmake C$:\Program$ Files\CMake\share\cmake-4.3\Modules\Compiler\AppleClang-DetermineCompiler.cmake C$:\Program$ Files\CMake\share\cmake-4.3\Modules\Compiler\Borland-DetermineCompiler.cmake C$:\Program$ Files\CMake\share\cmake-4.3\Modules\Compiler\Bruce-C-DetermineCompiler.cmake C$:\Program$ Files\CMake\share\cmake-4.3\Modules\Compiler\CMakeCommonCompilerMacros.cmake C$:\Program$ Files\CMake\share\cmake-4.3\Modules\Compiler\Clang-DetermineCompiler.cmake C$:\Program$ Files\CMake\share\cmake-4.3\Modules\Compiler\Clang-DetermineCompilerInternal.cmake C$:\Program$ Files\CMake\share\cmake-4.3\Modules\Compiler\Compaq-C-DetermineCompiler.cmake C$:\Program$ Files\CMake\share\cmake-4.3\Modules\Compiler\Compaq-CXX-DetermineCompiler.cmake C$:\Program$ Files\CMake\share\cmake-4.3\Modules\Compiler\Cray-DetermineCompiler.cmake C$:\Program$ Files\CMake\share\cmake-4.3\Modules\Compiler\CrayClang-DetermineCompiler.cmake C$:\Program$ Files\CMake\share\cmake-4.3\Modules\Compiler\Diab-DetermineCompiler.cmake C$:\Program$ Files\CMake\share\cmake-4.3\Modules\Compiler\Embarcadero-DetermineCompiler.cmake C$:\Program$ Files\CMake\share\cmake-4.3\Modules\Compiler\Fujitsu-DetermineCompiler.cmake C$:\Program$ Files\CMake\share\cmake-4.3\Modules\Compiler\FujitsuClang-DetermineCompiler.cmake C$:\Program$ Files\CMake\share\cmake-4.3\Modules\Compiler\GHS-DetermineCompiler.cmake C$:\Program$ Files\CMake\share\cmake-4.3\Modules\Compiler\GNU-C-DetermineCompiler.cmake C$:\Program$ Files\CMake\share\cmake-4.3\Modules\Compiler\GNU-CXX-DetermineCompiler.cmake C$:\Program$ Files\CMake\share\cmake-4.3\Modules\Compiler\HP-C-DetermineCompiler.cmake C$:\Program$ Files\CMake\share\cmake-4.3\Modules\Compiler\HP-CXX-DetermineCompiler.cmake C$:\Program$ Files\CMake\share\cmake-4.3\Modules\Compiler\IAR-DetermineCompiler.cmake C$:\Program$ Files\CMake\share\cmake-4.3\Modules\Compiler\IBMCPP-C-DetermineVersionInternal.cmake C$:\Program$ Files\CMake\share\cmake-4.3\Modules\Compiler\IBMCPP-CXX-DetermineVersionInternal.cmake C$:\Program$ Files\CMake\share\cmake-4.3\Modules\Compiler\IBMClang-C-DetermineCompiler.cmake C$:\Program$ Files\CMake\share\cmake-4.3\Modules\Compiler\IBMClang-CXX-DetermineCompiler.cmake C$:\Program$ Files\CMake\share\cmake-4.3\Modules\Compiler\Intel-DetermineCompiler.cmake C$:\Program$ Files\CMake\share\cmake-4.3\Modules\Compiler\IntelLLVM-DetermineCompiler.cmake C$:\Program$ Files\CMake\share\cmake-4.3\Modules\Compiler\LCC-C-DetermineCompiler.cmake C$:\Program$ Files\CMake\share\cmake-4.3\Modules\Compiler\LCC-CXX-DetermineCompiler.cmake C$:\Program$ Files\CMake\share\cmake-4.3\Modules\Compiler\MSVC-C.cmake C$:\Program$ Files\CMake\share\cmake-4.3\Modules\Compiler\MSVC-CXX-CXXImportStd.cmake C$:\Program$ Files\CMake\share\cmake-4.3\Modules\Compiler\MSVC-CXX.cmake C$:\Program$ Files\CMake\share\cmake-4.3\Modules\Compiler\MSVC-DetermineCompiler.cmake C$:\Program$ Files\CMake\share\cmake-4.3\Modules\Compiler\MSVC.cmake C$:\Program$ Files\CMake\share\cmake-4.3\Modules\Compiler\NVHPC-DetermineCompiler.cmake C$:\Program$ Files\CMake\share\cmake-4.3\Modules\Compiler\NVIDIA-DetermineCompiler.cmake C$:\Program$ Files\CMake\share\cmake-4.3\Modules\Compiler\OpenWatcom-DetermineCompiler.cmake C$:\Program$ Files\CMake\share\cmake-4.3\Modules\Compiler\OrangeC-DetermineCompiler.cmake C$:\Program$ Files\CMake\share\cmake-4.3\Modules\Compiler\PGI-DetermineCompiler.cmake C$:\Program$ Files\CMake\share\cmake-4.3\Modules\Compiler\PathScale-DetermineCompiler.cmake C$:\Program$ Files\CMake\share\cmake-4.3\Modules\Compiler\Renesas-DetermineCompiler.cmake C$:\Program$ Files\CMake\share\cmake-4.3\Modules\Compiler\SCO-DetermineCompiler.cmake C$:\Program$ Files\CMake\share\cmake-4.3\Modules\Compiler\SDCC-C-DetermineCompiler.cmake C$:\Program$ Files\CMake\share\cmake-4.3\Modules\Compiler\SunPro-C-DetermineCompiler.cmake C$:\Program$ Files\CMake\share\cmake-4.3\Modules\Compiler\SunPro-CXX-DetermineCompiler.cmake C$:\Program$ Files\CMake\share\cmake-4.3\Modules\Compiler\TI-DetermineCompiler.cmake C$:\Program$ Files\CMake\share\cmake-4.3\Modules\Compiler\TIClang-DetermineCompiler.cmake C$:\Program$ Files\CMake\share\cmake-4.3\Modules\Compiler\Tasking-DetermineCompiler.cmake C$:\Program$ Files\CMake\share\cmake-4.3\Modules\Compiler\TinyCC-C-DetermineCompiler.cmake C$:\Program$ Files\CMake\share\cmake-4.3\Modules\Compiler\VisualAge-C-DetermineCompiler.cmake C$:\Program$ Files\CMake\share\cmake-4.3\Modules\Compiler\VisualAge-CXX-DetermineCompiler.cmake C$:\Program$ Files\CMake\share\cmake-4.3\Modules\Compiler\Watcom-DetermineCompiler.cmake C$:\Program$ Files\CMake\share\cmake-4.3\Modules\Compiler\XL-C-DetermineCompiler.cmake C$:\Program$ Files\CMake\share\cmake-4.3\Modules\Compiler\XL-CXX-DetermineCompiler.cmake C$:\Program$ Files\CMake\share\cmake-4.3\Modules\Compiler\XLClang-C-DetermineCompiler.cmake C$:\Program$ Files\CMake\share\cmake-4.3\Modules\Compiler\XLClang-CXX-DetermineCompiler.cmake C$:\Program$ Files\CMake\share\cmake-4.3\Modules\Compiler\zOS-C-DetermineCompiler.cmake C$:\Program$ Files\CMake\share\cmake-4.3\Modules\Compiler\zOS-CXX-DetermineCompiler.cmake C$:\Program$ Files\CMake\share\cmake-4.3\Modules\ExternalProject\shared_internal_commands.cmake C$:\Program$ Files\CMake\share\cmake-4.3\Modules\FetchContent.cmake C$:\Program$ Files\CMake\share\cmake-4.3\Modules\GNUInstallDirs.cmake C$:\Program$ Files\CMake\share\cmake-4.3\Modules\Internal\CMakeCLinkerInformation.cmake C$:\Program$ Files\CMake\share\cmake-4.3\Modules\Internal\CMakeCXXLinkerInformation.cmake C$:\Program$ Files\CMake\share\cmake-4.3\Modules\Internal\CMakeCommonLinkerInformation.cmake C$:\Program$ Files\CMake\share\cmake-4.3\Modules\Internal\CMakeDetermineLinkerId.cmake C$:\Program$ Files\CMake\share\cmake-4.3\Modules\Internal\CMakeInspectCLinker.cmake C$:\Program$ Files\CMake\share\cmake-4.3\Modules\Internal\CMakeInspectCXXLinker.cmake C$:\Program$ Files\CMake\share\cmake-4.3\Modules\Internal\FeatureTesting.cmake C$:\Program$ Files\CMake\share\cmake-4.3\Modules\Linker\MSVC-C.cmake C$:\Program$ Files\CMake\share\cmake-4.3\Modules\Linker\MSVC-CXX.cmake C$:\Program$ Files\CMake\share\cmake-4.3\Modules\Linker\MSVC.cmake C$:\Program$ Files\CMake\share\cmake-4.3\Modules\Platform\Linker\Windows-MSVC-C.cmake C$:\Program$ Files\CMake\share\cmake-4.3\Modules\Platform\Linker\Windows-MSVC-CXX.cmake C$:\Program$ Files\CMake\share\cmake-4.3\Modules\Platform\Linker\Windows-MSVC.cmake C$:\Program$ Files\CMake\share\cmake-4.3\Modules\Platform\Windows-Determine-CXX.cmake C$:\Program$ Files\CMake\share\cmake-4.3\Modules\Platform\Windows-Initialize.cmake C$:\Program$ Files\CMake\share\cmake-4.3\Modules\Platform\Windows-MSVC-C.cmake C$:\Program$ Files\CMake\share\cmake-4.3\Modules\Platform\Windows-MSVC-CXX.cmake C$:\Program$ Files\CMake\share\cmake-4.3\Modules\Platform\Windows-MSVC.cmake C$:\Program$ Files\CMake\share\cmake-4.3\Modules\Platform\Windows.cmake C$:\Program$ Files\CMake\share\cmake-4.3\Modules\Platform\WindowsPaths.cmake C$:\Program$ Files\CMake\share\cmake-4.3\Modules\WriteBasicConfigVersionFile.cmake C$:\Program$ Files\Microsoft$ Visual$ Studio\18\Community\VC\vcpkg\scripts\buildsystems\vcpkg.cmake C$:\Program$ Files\Microsoft$ Visual$ Studio\18\Community\VC\vcpkg\scripts\toolchains\windows.cmake C$:\Users\Roger\source\repos\BallGame\vcpkg_installed\vcpkg\blds\box2d\src\v3.1.1-9e4ca3be47.clean\CMakeLists.txt C$:\Users\Roger\source\repos\BallGame\vcpkg_installed\vcpkg\blds\box2d\src\v3.1.1-9e4ca3be47.clean\src\CMakeLists.txt CMakeCache.txt CMakeFiles\4.3.0-rc1\CMakeCCompiler.cmake CMakeFiles\4.3.0-rc1\CMakeCXXCompiler.cmake CMakeFiles\4.3.0-rc1\CMakeRCCompiler.cmake CMakeFiles\4.3.0-rc1\CMakeSystem.cmake: phony


#############################################
# Clean all the built files.

build clean: CLEAN


#############################################
# Print all primary targets available.

build help: HELP


#############################################
# Make the all target the default.

default all
