[1/2] "C:/Program Files/CMake/bin/cmake.exe" -E chdir ".." "C:/Program Files/CMake/bin/cmake.exe" "C:/Users/Roger/source/repos/BallGame/vcpkg_installed/vcpkg/blds/raylib/src/5.5-966575b391.clean" "-G" "Ninja" "-DCMAKE_BUILD_TYPE=Release" "-DCMAKE_INSTALL_PREFIX=C:/Users/Roger/source/repos/BallGame/vcpkg_installed/vcpkg/pkgs/raylib_x64-windows" "-DFETCHCONTENT_FULLY_DISCONNECTED=ON" "-DBUILD_EXAMPLES=OFF" "-DCMAKE_POLICY_DEFAULT_CMP0072=NEW" "-DCUSTOMIZE_BUILD=ON" "-DPLATFORM=Desktop" "-DUSE_EXTERNAL_GLFW=ON" "-DSUPPORT_MODULE_RAUDIO=ON" "-DUSE_AUDIO=ON" "-DCMAKE_MAKE_PROGRAM=C:/Users/Roger/AppData/Local/vcpkg/downloads/tools/ninja/1.13.1-windows/ninja.exe" "-DBUILD_SHARED_LIBS=ON" "-DVCPKG_CHAINLOAD_TOOLCHAIN_FILE=C:/Program Files/Microsoft Visual Studio/18/Community/VC/vcpkg/scripts/toolchains/windows.cmake" "-DVCPKG_TARGET_TRIPLET=x64-windows" "-DVCPKG_SET_CHARSET_FLAG=ON" "-DVCPKG_PLATFORM_TOOLSET=v145" "-DCMAKE_EXPORT_NO_PACKAGE_REGISTRY=ON" "-DCMAKE_FIND_PACKAGE_NO_PACKAGE_REGISTRY=ON" "-DCMAKE_FIND_PACKAGE_NO_SYSTEM_PACKAGE_REGISTRY=ON" "-DCMAKE_INSTALL_SYSTEM_RUNTIME_LIBS_SKIP=TRUE" "-DCMAKE_VERBOSE_MAKEFILE=ON" "-DVCPKG_APPLOCAL_DEPS=OFF" "-DCMAKE_TOOLCHAIN_FILE=C:/Program Files/Microsoft Visual Studio/18/Community/VC/vcpkg/scripts/buildsystems/vcpkg.cmake" "-DCMAKE_ERROR_ON_ABSOLUTE_INSTALL_DESTINATION=ON" "-DVCPKG_CXX_FLAGS=" "-DVCPKG_CXX_FLAGS_RELEASE=" "-DVCPKG_CXX_FLAGS_DEBUG=" "-DVCPKG_C_FLAGS=" "-DVCPKG_C_FLAGS_RELEASE=" "-DVCPKG_C_FLAGS_DEBUG=" "-DVCPKG_CRT_LINKAGE=dynamic" "-DVCPKG_LINKER_FLAGS=" "-DVCPKG_LINKER_FLAGS_RELEASE=" "-DVCPKG_LINKER_FLAGS_DEBUG=" "-DVCPKG_TARGET_ARCHITECTURE=x64" "-DCMAKE_INSTALL_LIBDIR:STRING=lib" "-DCMAKE_INSTALL_BINDIR:STRING=bin" "-D_VCPKG_ROOT_DIR=C:/Program Files/Microsoft Visual Studio/18/Community/VC/vcpkg" "-D_VCPKG_INSTALLED_DIR=C:/Users/Roger/source/repos/BallGame/vcpkg_installed" "-DVCPKG_MANIFEST_INSTALL=OFF"
CMake Deprecation Warning at CMakeLists.txt:1 (cmake_minimum_required):
  Compatibility with CMake < 3.10 will be removed from a future version of
  CMake.

  Update the VERSION argument <min> value.  Or, use the <min>...<max> syntax
  to tell CMake that the project requires at least <min> but has been updated
  to work with policies introduced by <max> or earlier.


-- The C compiler identification is MSVC 19.50.35725.0
-- The CXX compiler identification is MSVC 19.50.35725.0
-- Detecting C compiler ABI info
-- Detecting C compiler ABI info - done
-- Check for working C compiler: C:/Program Files/Microsoft Visual Studio/18/Community/VC/Tools/MSVC/14.50.35717/bin/Hostx64/x64/cl.exe - skipped
-- Detecting C compile features
-- Detecting C compile features - done
-- Detecting CXX compiler ABI info
-- Detecting CXX compiler ABI info - done
-- Check for working CXX compiler: C:/Program Files/Microsoft Visual Studio/18/Community/VC/Tools/MSVC/14.50.35717/bin/Hostx64/x64/cl.exe - skipped
-- Detecting CXX compile features
-- Detecting CXX compile features - done
-- Performing Test COMPILER_HAS_THOSE_TOGGLES
-- Performing Test COMPILER_HAS_THOSE_TOGGLES - Failed
-- Testing if -Werror=pointer-arith can be used -- Failed
-- Testing if -Werror=implicit-function-declaration can be used -- Failed
-- Testing if -fno-strict-aliasing can be used -- Failed
-- Performing Test CMAKE_HAVE_LIBC_PTHREAD
-- Performing Test CMAKE_HAVE_LIBC_PTHREAD - Failed
-- Looking for pthread_create in pthreads
-- Looking for pthread_create in pthreads - not found
-- Looking for pthread_create in pthread
-- Looking for pthread_create in pthread - not found
-- Found Threads: TRUE
-- Using external GLFW
-- Audio Backend: miniaudio
-- Building raylib shared library
-- SUPPORT_MODULE_RSHAPES=ON
-- SUPPORT_MODULE_RTEXTURES=ON
-- SUPPORT_MODULE_RTEXT=ON
-- SUPPORT_MODULE_RMODELS=ON
-- SUPPORT_MODULE_RAUDIO=ON
-- SUPPORT_CAMERA_SYSTEM=ON
-- SUPPORT_GESTURES_SYSTEM=ON
-- SUPPORT_RPRAND_GENERATOR=ON
-- SUPPORT_MOUSE_GESTURES=ON
-- SUPPORT_SSH_KEYBOARD_RPI=ON
-- SUPPORT_WINMM_HIGHRES_TIMER=ON
-- SUPPORT_PARTIALBUSY_WAIT_LOOP=ON
-- SUPPORT_SCREEN_CAPTURE=ON
-- SUPPORT_GIF_RECORDING=ON
-- SUPPORT_COMPRESSION_API=ON
-- SUPPORT_AUTOMATION_EVENTS=ON
-- RL_SUPPORT_MESH_GPU_SKINNING=ON
-- SUPPORT_QUADS_DRAW_MODE=ON
-- SUPPORT_FILEFORMAT_PNG=ON
-- SUPPORT_FILEFORMAT_GIF=ON
-- SUPPORT_FILEFORMAT_QOI=ON
-- SUPPORT_FILEFORMAT_DDS=ON
-- SUPPORT_IMAGE_EXPORT=ON
-- SUPPORT_IMAGE_GENERATION=ON
-- SUPPORT_IMAGE_MANIPULATION=ON
-- SUPPORT_DEFAULT_FONT=ON
-- SUPPORT_FILEFORMAT_TTF=ON
-- SUPPORT_FILEFORMAT_FNT=ON
-- SUPPORT_TEXT_MANIPULATION=ON
-- SUPPORT_FONT_ATLAS_WHITE_REC=ON
-- SUPPORT_FILEFORMAT_OBJ=ON
-- SUPPORT_FILEFORMAT_MTL=ON
-- SUPPORT_FILEFORMAT_IQM=ON
-- SUPPORT_FILEFORMAT_GLTF=ON
-- SUPPORT_FILEFORMAT_VOX=ON
-- SUPPORT_FILEFORMAT_M3D=ON
-- SUPPORT_MESH_GENERATION=ON
-- SUPPORT_FILEFORMAT_WAV=ON
-- SUPPORT_FILEFORMAT_OGG=ON
-- SUPPORT_FILEFORMAT_MP3=ON
-- SUPPORT_FILEFORMAT_QOA=ON
-- SUPPORT_FILEFORMAT_XM=ON
-- SUPPORT_FILEFORMAT_MOD=ON
-- SUPPORT_STANDARD_FILEIO=ON
-- SUPPORT_TRACELOG=ON
-- SUPPORT_CLIPBOARD_IMAGE=ON
-- SUPPORT_FILEFORMAT_PNG=ON
-- SUPPORT_MODULE_RTEXTURES=ON
-- Generated build type: Release
-- Compiling with the flags:
--   PLATFORM=PLATFORM_DESKTOP
--   GRAPHICS=GRAPHICS_API_OPENGL_33
-- Configuring done (3.2s)
-- Generating done (0.1s)
CMake Warning:
  Manually-specified variables were not used by the project:

    FETCHCONTENT_FULLY_DISCONNECTED
    _VCPKG_ROOT_DIR


-- Build files have been written to: C:/Users/Roger/source/repos/BallGame/vcpkg_installed/vcpkg/blds/raylib/x64-windows-rel
[2/2] "C:/Program Files/CMake/bin/cmake.exe" -E chdir "../../x64-windows-dbg" "C:/Program Files/CMake/bin/cmake.exe" "C:/Users/Roger/source/repos/BallGame/vcpkg_installed/vcpkg/blds/raylib/src/5.5-966575b391.clean" "-G" "Ninja" "-DCMAKE_BUILD_TYPE=Debug" "-DCMAKE_INSTALL_PREFIX=C:/Users/Roger/source/repos/BallGame/vcpkg_installed/vcpkg/pkgs/raylib_x64-windows/debug" "-DFETCHCONTENT_FULLY_DISCONNECTED=ON" "-DBUILD_EXAMPLES=OFF" "-DCMAKE_POLICY_DEFAULT_CMP0072=NEW" "-DCUSTOMIZE_BUILD=ON" "-DPLATFORM=Desktop" "-DUSE_EXTERNAL_GLFW=ON" "-DSUPPORT_MODULE_RAUDIO=ON" "-DUSE_AUDIO=ON" "-DCMAKE_MAKE_PROGRAM=C:/Users/Roger/AppData/Local/vcpkg/downloads/tools/ninja/1.13.1-windows/ninja.exe" "-DBUILD_SHARED_LIBS=ON" "-DVCPKG_CHAINLOAD_TOOLCHAIN_FILE=C:/Program Files/Microsoft Visual Studio/18/Community/VC/vcpkg/scripts/toolchains/windows.cmake" "-DVCPKG_TARGET_TRIPLET=x64-windows" "-DVCPKG_SET_CHARSET_FLAG=ON" "-DVCPKG_PLATFORM_TOOLSET=v145" "-DCMAKE_EXPORT_NO_PACKAGE_REGISTRY=ON" "-DCMAKE_FIND_PACKAGE_NO_PACKAGE_REGISTRY=ON" "-DCMAKE_FIND_PACKAGE_NO_SYSTEM_PACKAGE_REGISTRY=ON" "-DCMAKE_INSTALL_SYSTEM_RUNTIME_LIBS_SKIP=TRUE" "-DCMAKE_VERBOSE_MAKEFILE=ON" "-DVCPKG_APPLOCAL_DEPS=OFF" "-DCMAKE_TOOLCHAIN_FILE=C:/Program Files/Microsoft Visual Studio/18/Community/VC/vcpkg/scripts/buildsystems/vcpkg.cmake" "-DCMAKE_ERROR_ON_ABSOLUTE_INSTALL_DESTINATION=ON" "-DVCPKG_CXX_FLAGS=" "-DVCPKG_CXX_FLAGS_RELEASE=" "-DVCPKG_CXX_FLAGS_DEBUG=" "-DVCPKG_C_FLAGS=" "-DVCPKG_C_FLAGS_RELEASE=" "-DVCPKG_C_FLAGS_DEBUG=" "-DVCPKG_CRT_LINKAGE=dynamic" "-DVCPKG_LINKER_FLAGS=" "-DVCPKG_LINKER_FLAGS_RELEASE=" "-DVCPKG_LINKER_FLAGS_DEBUG=" "-DVCPKG_TARGET_ARCHITECTURE=x64" "-DCMAKE_INSTALL_LIBDIR:STRING=lib" "-DCMAKE_INSTALL_BINDIR:STRING=bin" "-D_VCPKG_ROOT_DIR=C:/Program Files/Microsoft Visual Studio/18/Community/VC/vcpkg" "-D_VCPKG_INSTALLED_DIR=C:/Users/Roger/source/repos/BallGame/vcpkg_installed" "-DVCPKG_MANIFEST_INSTALL=OFF"
CMake Deprecation Warning at CMakeLists.txt:1 (cmake_minimum_required):
  Compatibility with CMake < 3.10 will be removed from a future version of
  CMake.

  Update the VERSION argument <min> value.  Or, use the <min>...<max> syntax
  to tell CMake that the project requires at least <min> but has been updated
  to work with policies introduced by <max> or earlier.


-- The C compiler identification is MSVC 19.50.35725.0
-- The CXX compiler identification is MSVC 19.50.35725.0
-- Detecting C compiler ABI info
-- Detecting C compiler ABI info - done
-- Check for working C compiler: C:/Program Files/Microsoft Visual Studio/18/Community/VC/Tools/MSVC/14.50.35717/bin/Hostx64/x64/cl.exe - skipped
-- Detecting C compile features
-- Detecting C compile features - done
-- Detecting CXX compiler ABI info
-- Detecting CXX compiler ABI info - done
-- Check for working CXX compiler: C:/Program Files/Microsoft Visual Studio/18/Community/VC/Tools/MSVC/14.50.35717/bin/Hostx64/x64/cl.exe - skipped
-- Detecting CXX compile features
-- Detecting CXX compile features - done
-- Performing Test COMPILER_HAS_THOSE_TOGGLES
-- Performing Test COMPILER_HAS_THOSE_TOGGLES - Failed
-- Testing if -Werror=pointer-arith can be used -- Failed
-- Testing if -Werror=implicit-function-declaration can be used -- Failed
-- Testing if -fno-strict-aliasing can be used -- Failed
-- Performing Test CMAKE_HAVE_LIBC_PTHREAD
-- Performing Test CMAKE_HAVE_LIBC_PTHREAD - Failed
-- Looking for pthread_create in pthreads
-- Looking for pthread_create in pthreads - not found
-- Looking for pthread_create in pthread
-- Looking for pthread_create in pthread - not found
-- Found Threads: TRUE
-- Using external GLFW
-- Audio Backend: miniaudio
-- Building raylib shared library
-- SUPPORT_MODULE_RSHAPES=ON
-- SUPPORT_MODULE_RTEXTURES=ON
-- SUPPORT_MODULE_RTEXT=ON
-- SUPPORT_MODULE_RMODELS=ON
-- SUPPORT_MODULE_RAUDIO=ON
-- SUPPORT_CAMERA_SYSTEM=ON
-- SUPPORT_GESTURES_SYSTEM=ON
-- SUPPORT_RPRAND_GENERATOR=ON
-- SUPPORT_MOUSE_GESTURES=ON
-- SUPPORT_SSH_KEYBOARD_RPI=ON
-- SUPPORT_WINMM_HIGHRES_TIMER=ON
-- SUPPORT_PARTIALBUSY_WAIT_LOOP=ON
-- SUPPORT_SCREEN_CAPTURE=ON
-- SUPPORT_GIF_RECORDING=ON
-- SUPPORT_COMPRESSION_API=ON
-- SUPPORT_AUTOMATION_EVENTS=ON
-- RL_SUPPORT_MESH_GPU_SKINNING=ON
-- SUPPORT_QUADS_DRAW_MODE=ON
-- SUPPORT_FILEFORMAT_PNG=ON
-- SUPPORT_FILEFORMAT_GIF=ON
-- SUPPORT_FILEFORMAT_QOI=ON
-- SUPPORT_FILEFORMAT_DDS=ON
-- SUPPORT_IMAGE_EXPORT=ON
-- SUPPORT_IMAGE_GENERATION=ON
-- SUPPORT_IMAGE_MANIPULATION=ON
-- SUPPORT_DEFAULT_FONT=ON
-- SUPPORT_FILEFORMAT_TTF=ON
-- SUPPORT_FILEFORMAT_FNT=ON
-- SUPPORT_TEXT_MANIPULATION=ON
-- SUPPORT_FONT_ATLAS_WHITE_REC=ON
-- SUPPORT_FILEFORMAT_OBJ=ON
-- SUPPORT_FILEFORMAT_MTL=ON
-- SUPPORT_FILEFORMAT_IQM=ON
-- SUPPORT_FILEFORMAT_GLTF=ON
-- SUPPORT_FILEFORMAT_VOX=ON
-- SUPPORT_FILEFORMAT_M3D=ON
-- SUPPORT_MESH_GENERATION=ON
-- SUPPORT_FILEFORMAT_WAV=ON
-- SUPPORT_FILEFORMAT_OGG=ON
-- SUPPORT_FILEFORMAT_MP3=ON
-- SUPPORT_FILEFORMAT_QOA=ON
-- SUPPORT_FILEFORMAT_XM=ON
-- SUPPORT_FILEFORMAT_MOD=ON
-- SUPPORT_STANDARD_FILEIO=ON
-- SUPPORT_TRACELOG=ON
-- SUPPORT_CLIPBOARD_IMAGE=ON
-- SUPPORT_FILEFORMAT_PNG=ON
-- SUPPORT_MODULE_RTEXTURES=ON
-- Generated build type: Debug
-- Compiling with the flags:
--   PLATFORM=PLATFORM_DESKTOP
--   GRAPHICS=GRAPHICS_API_OPENGL_33
-- Configuring done (3.2s)
-- Generating done (0.1s)
CMake Warning:
  Manually-specified variables were not used by the project:

    FETCHCONTENT_FULLY_DISCONNECTED
    _VCPKG_ROOT_DIR


-- Build files have been written to: C:/Users/Roger/source/repos/BallGame/vcpkg_installed/vcpkg/blds/raylib/x64-windows-dbg
